21:09:03.704 [Info] Altium.Sch.Compilation.Compiler.CompilerGlobalController: Continuous compilation suspended globally (0) 
21:09:03.741 [Info] Altium.Sch.Compilation.Compiler.CompilerGlobalController: Continuous compilation resumed globally (0) 
21:09:05.036 [Info] Altium.Sch.Core.Settings.AdGlobalSettings: Global settings initialized 
21:09:05.036 [Info] Altium.Sch.Core.InterfaceProviders.ModelTypesProvider: Model types initialized 
21:09:05.745 [Info] Altium.Sch.Compilation.Compiler.SchCompilator: Observer registered eUdmNavigator: 'C:\Users\Public\Documents\Altium\AD20\Library\Projects\Miscellaneous Devices\Miscellaneous Devices.LibPkg' 
21:09:05.937 [Info] Altium.Sch.Compilation.Compiler.SchCompilator: Observer registered eUdmNavigator: 'C:\Users\Public\Documents\Altium\Projects\ProjectX\ProjectX.PrjPcb' 
21:09:06.143 [Info] Altium.Sch.Compilation.Compiler.DynamicCompilerChangesWatcher: Start Load Project Data C:\Users\Public\Documents\Altium\Projects\ProjectX\ProjectX.PrjPcb 
21:09:06.166 [Info] Altium.Sch.Core.ProjectUtils.DataFile.SchematicReaderAsync: Project loading... Documents: 3 
21:09:06.724 [Info] Altium.Sch.Compilation.Compiler.BackgroundCompiler: Compilation requested (DCCW.ProjectLoaded): C:\Users\Public\Documents\Altium\Projects\ProjectX\ProjectX.PrjPcb  
21:09:06.724 [Info] Altium.Sch.Core.ProjectUtils.DataFile.SchematicReaderAsync: Load Project C:\Users\Public\Documents\Altium\Projects\ProjectX\ProjectX.PrjPcb Completed, 3 schematics (0:00:00,5652344) 
21:09:07.017 [Info] Altium.Sch.Compilation.Compiler.ProjectCompiler: Compilation completed, (0:00:00,2808378) 
21:09:07.033 [Info] Altium.Sch.Compilation.Compiler.BackgroundCompiler: Compilation requested (DCCW.DocumentLoading (delayed)): C:\Users\Public\Documents\Altium\Projects\ProjectX\ProjectX.PrjPcb  
21:09:07.033 [Info] Altium.Sch.Compilation.Compiler.DynamicCompilerChangesWatcher: DocumentLoading: documentFullPath: C:\Users\Public\Documents\Altium\Projects\ProjectX\MCU.SchDoc, projectFullPath: C:\Users\Public\Documents\Altium\Projects\ProjectX\ProjectX.PrjPcb, unit: eMil, (0:00:00,0209878) 
21:09:07.697 [Info] Altium.Sch.Core.Verification.ViolationManagerConsumer: ViolationManagerConsumer (ViolationCount:55, AllViolations:55, DeleteExisting:True) (0:00:00,1659211) 
21:09:07.697 [Info] Altium.Sch.Core.Verification.ProjectValidator: ERC default completed (0:00:00,3449288) 
21:09:07.697 [Info] Altium.Sch.Compilation.Compiler.BackgroundCompiler: Compilation request completed: DONE ver: 4  - C:\Users\Public\Documents\Altium\Projects\ProjectX\ProjectX.PrjPcb, Compiled: True 
21:09:07.724 [Info] Altium.Sch.Compilation.Compiler.ProjectCompiler: Compilation completed, (0:00:00,0093299) 
21:09:07.724 [Info] Altium.Sch.Core.Verification.ViolationManagerConsumer: ViolationManagerConsumer (ViolationCount:55, AllViolations:55, DeleteExisting:True) (0:00:00,0003835) 
21:09:07.724 [Info] Altium.Sch.Core.Verification.ProjectValidator: ERC default completed (0:00:00,0029535) 
21:09:07.724 [Info] Altium.Sch.Compilation.Compiler.BackgroundCompiler: Compilation request completed: DONE ver: 6  - C:\Users\Public\Documents\Altium\Projects\ProjectX\ProjectX.PrjPcb, Compiled: True 
21:09:08.028 [Info] Altium.Sch.Compilation.Compiler.BackgroundCompiler: Compilation requested (DCCW.DocumentLoading (delayed)): C:\Users\Public\Documents\Altium\Projects\ProjectX\ProjectX.PrjPcb  
21:09:08.028 [Info] Altium.Sch.Compilation.Compiler.DynamicCompilerChangesWatcher: DocumentLoading: documentFullPath: C:\Users\Public\Documents\Altium\Projects\ProjectX\MP2307DN.SchDoc, projectFullPath: C:\Users\Public\Documents\Altium\Projects\ProjectX\ProjectX.PrjPcb, unit: eMil, (0:00:00,0047185) 
21:09:08.028 [Info] Altium.Sch.Compilation.Compiler.ProjectCompiler: Compilation completed, (0:00:00,0032929) 
21:09:08.043 [Info] Altium.Sch.Core.Verification.ViolationManagerConsumer: ViolationManagerConsumer (ViolationCount:55, AllViolations:55, DeleteExisting:True) (0:00:00,000672) 
21:09:08.043 [Info] Altium.Sch.Core.Verification.ProjectValidator: ERC default completed (0:00:00,0053071) 
21:09:08.043 [Info] Altium.Sch.Compilation.Compiler.BackgroundCompiler: Compilation request completed: DONE ver: 8  - C:\Users\Public\Documents\Altium\Projects\ProjectX\ProjectX.PrjPcb, Compiled: True 
21:09:08.243 [Info] Altium.Sch.Compilation.Compiler.BackgroundCompiler: Compilation requested (DCCW.DocumentLoading (delayed)): C:\Users\Public\Documents\Altium\Projects\ProjectX\ProjectX.PrjPcb  
21:09:08.243 [Info] Altium.Sch.Compilation.Compiler.DynamicCompilerChangesWatcher: DocumentLoading: documentFullPath: C:\Users\Public\Documents\Altium\Projects\ProjectX\IR2101.SchDoc, projectFullPath: C:\Users\Public\Documents\Altium\Projects\ProjectX\ProjectX.PrjPcb, unit: eMil, (0:00:00,0019579) 
21:09:08.243 [Info] Altium.Sch.Compilation.Compiler.ProjectCompiler: Compilation completed, (0:00:00,002933) 
21:09:08.264 [Info] Altium.Sch.Core.Verification.ViolationManagerConsumer: ViolationManagerConsumer (ViolationCount:55, AllViolations:55, DeleteExisting:True) (0:00:00,0003563) 
21:09:08.264 [Info] Altium.Sch.Core.Verification.ProjectValidator: ERC default completed (0:00:00,0126611) 
21:09:08.264 [Info] Altium.Sch.Compilation.Compiler.BackgroundCompiler: Compilation request completed: DONE ver: 10  - C:\Users\Public\Documents\Altium\Projects\ProjectX\ProjectX.PrjPcb, Compiled: True 
21:09:08.696 [Info] Altium.Sch.Compilation.Compiler.SchCompilator: Observer registered eUdmProjectView: '' 
21:09:11.935 [Info] Altium.Sch.Compilation.Compiler.SchCompilator: Compile Notification start - eUdmNavigator, C:\Users\Public\Documents\Altium\Projects\ProjectX\ProjectX.PrjPcb 
21:09:11.935 [Info] Altium.Sch.Compilation.Compiler.SchCompilator: Compile Notification start - eUdmProjectView, C:\Users\Public\Documents\Altium\Projects\ProjectX\ProjectX.PrjPcb 
21:09:11.984 [Info] Altium.Sch.Compilation.Compiler.SchCompilator: Markers for Schematic Error Objects: 48 (0:00:00,00204) 
21:09:11.984 [Info] Altium.Sch.Compilation.Compiler.SchCompilator: Compile Notifications end, (0:00:00,0487086) 
21:09:11.984 [Info] Altium.Sch.Compilation.Compiler.SchCompilator: Compile Notification start - eUdmNavigator, C:\Users\Public\Documents\Altium\Projects\ProjectX\ProjectX.PrjPcb 
21:09:11.984 [Info] Altium.Sch.Compilation.Compiler.SchCompilator: Compile Notification start - eUdmProjectView, C:\Users\Public\Documents\Altium\Projects\ProjectX\ProjectX.PrjPcb 
21:09:11.984 [Info] Altium.Sch.Compilation.Compiler.SchCompilator: Markers for Schematic Error Objects: 48 (0:00:00,0026358) 
21:09:11.984 [Info] Altium.Sch.Compilation.Compiler.SchCompilator: Compile Notifications end, (0:00:00,0032839) 
21:09:12.034 [Info] Altium.Sch.Compilation.Compiler.SchCompilator: Compile Notification start - eUdmNavigator, C:\Users\Public\Documents\Altium\Projects\ProjectX\ProjectX.PrjPcb 
21:09:12.034 [Info] Altium.Sch.Compilation.Compiler.SchCompilator: Compile Notification start - eUdmProjectView, C:\Users\Public\Documents\Altium\Projects\ProjectX\ProjectX.PrjPcb 
21:09:12.037 [Info] Altium.Sch.Compilation.Compiler.SchCompilator: Markers for Schematic Error Objects: 48 (0:00:00,0028409) 
21:09:12.037 [Info] Altium.Sch.Compilation.Compiler.SchCompilator: Compile Notifications end, (0:00:00,0035876) 
21:09:12.037 [Info] Altium.Sch.Compilation.Compiler.SchCompilator: Compile Notification start - eUdmNavigator, C:\Users\Public\Documents\Altium\Projects\ProjectX\ProjectX.PrjPcb 
21:09:12.037 [Info] Altium.Sch.Compilation.Compiler.SchCompilator: Compile Notification start - eUdmProjectView, C:\Users\Public\Documents\Altium\Projects\ProjectX\ProjectX.PrjPcb 
21:09:12.037 [Info] Altium.Sch.Compilation.Compiler.SchCompilator: Markers for Schematic Error Objects: 48 (0:00:00,0033261) 
21:09:12.037 [Info] Altium.Sch.Compilation.Compiler.SchCompilator: Compile Notifications end, (0:00:00,0039366) 
21:10:29.486 [Info] Altium.Sch.Compilation.Compiler.BackgroundCompiler: Compilation requested (DCCW.ProjectSettingsChanged): C:\Users\Public\Documents\Altium\Projects\ProjectX\ProjectX.PrjPcb  
21:10:29.492 [Info] Altium.Sch.Compilation.Compiler.ProjectCompiler: Compilation completed, (0:00:00,0055887) 
21:10:29.514 [Info] Altium.Sch.Core.Verification.ViolationManagerConsumer: ViolationManagerConsumer (ViolationCount:55, AllViolations:55, DeleteExisting:True) (0:00:00,0004073) 
21:10:29.514 [Info] Altium.Sch.Core.Verification.ProjectValidator: ERC default completed (0:00:00,0029269) 
21:10:29.514 [Info] Altium.Sch.Compilation.Compiler.BackgroundCompiler: Compilation request completed: DONE ver: 11  - C:\Users\Public\Documents\Altium\Projects\ProjectX\ProjectX.PrjPcb, Compiled: True 
21:10:29.593 [Info] Altium.Sch.Compilation.Compiler.SchCompilator: Compile Notification start - eUdmNavigator, C:\Users\Public\Documents\Altium\Projects\ProjectX\ProjectX.PrjPcb 
21:10:29.593 [Info] Altium.Sch.Compilation.Compiler.SchCompilator: Compile Notification start - eUdmProjectView, C:\Users\Public\Documents\Altium\Projects\ProjectX\ProjectX.PrjPcb 
21:10:29.593 [Info] Altium.Sch.Compilation.Compiler.SchCompilator: Markers for Schematic Error Objects: 48 (0:00:00,0026935) 
21:10:29.593 [Info] Altium.Sch.Compilation.Compiler.SchCompilator: Compile Notifications end, (0:00:00,0037909) 
21:10:58.357 [Info] Altium.Sch.Compilation.Compiler.BackgroundCompiler: Compilation requested (DCCW.ProjectSettingsChanged): C:\Users\Public\Documents\Altium\Projects\ProjectX\ProjectX.PrjPcb  
21:10:58.369 [Info] Altium.Sch.Compilation.Compiler.ProjectCompiler: Compilation completed, (0:00:00,0116305) 
21:10:58.369 [Info] Altium.Sch.Core.Verification.ViolationManagerConsumer: ViolationManagerConsumer (ViolationCount:55, AllViolations:55, DeleteExisting:True) (0:00:00,0005381) 
21:10:58.369 [Info] Altium.Sch.Core.Verification.ProjectValidator: ERC default completed (0:00:00,0031209) 
21:10:58.369 [Info] Altium.Sch.Compilation.Compiler.BackgroundCompiler: Compilation request completed: DONE ver: 12  - C:\Users\Public\Documents\Altium\Projects\ProjectX\ProjectX.PrjPcb, Compiled: True 
21:10:58.770 [Info] Altium.Sch.Compilation.Compiler.SchCompilator: Compile Notification start - eUdmNavigator, C:\Users\Public\Documents\Altium\Projects\ProjectX\ProjectX.PrjPcb 
21:10:58.770 [Info] Altium.Sch.Compilation.Compiler.SchCompilator: Compile Notification start - eUdmProjectView, C:\Users\Public\Documents\Altium\Projects\ProjectX\ProjectX.PrjPcb 
21:10:58.770 [Info] Altium.Sch.Compilation.Compiler.SchCompilator: Markers for Schematic Error Objects: 48 (0:00:00,0031401) 
21:10:58.770 [Info] Altium.Sch.Compilation.Compiler.SchCompilator: Compile Notifications end, (0:00:00,0038972) 
21:11:22.938 [Info] Altium.Sch.Compilation.Compiler.SchCompilator: Observer registered eUdmNavigator: 'PCB_Project1.PrjPCB' 
21:11:23.530 [Info] Altium.Sch.Compilation.Compiler.SchCompilator: Observer registered eUdmNavigator: 'C:\Users\Public\Documents\Altium\Projects\Motorsürücü\Motorsürücü.PrjPcb' 
21:11:23.588 [Info] Altium.Sch.Compilation.Compiler.DynamicCompilerChangesWatcher: Start Load Project Data C:\Users\Public\Documents\Altium\Projects\Motorsürücü\Motorsürücü.PrjPcb 
21:11:23.588 [Info] Altium.Sch.Core.ProjectUtils.DataFile.SchematicReaderAsync: Project loading... Documents: 0 
21:11:23.588 [Info] Altium.Sch.Compilation.Compiler.BackgroundCompiler: Compilation requested (DCCW.ProjectLoaded): C:\Users\Public\Documents\Altium\Projects\Motorsürücü\Motorsürücü.PrjPcb  
21:11:23.588 [Info] Altium.Sch.Core.ProjectUtils.DataFile.SchematicReaderAsync: Load Project C:\Users\Public\Documents\Altium\Projects\Motorsürücü\Motorsürücü.PrjPcb Completed, 0 schematics (0:00:00,003111) 
21:11:23.588 [Info] Altium.Sch.Compilation.Compiler.ProjectCompiler: Compilation completed, (0:00:00,0000763) 
21:11:23.588 [Info] Altium.Sch.Core.Verification.ViolationManagerConsumer: ViolationManagerConsumer (ViolationCount:0, AllViolations:0, DeleteExisting:True) (0:00:00,000002) 
21:11:23.588 [Info] Altium.Sch.Core.Verification.ProjectValidator: ERC default completed (0:00:00,000323) 
21:11:23.588 [Info] Altium.Sch.Compilation.Compiler.BackgroundCompiler: Compilation request completed: DONE ver: 1  - C:\Users\Public\Documents\Altium\Projects\Motorsürücü\Motorsürücü.PrjPcb, Compiled: True 
21:11:23.685 [Info] Altium.Sch.Compilation.Compiler.SchCompilator: Observer unregistered eUdmNavigator 
21:11:23.699 [Info] Altium.Sch.Compilation.Compiler.DynamicCompilerChangesWatcher: Remove PCB_Project1.PrjPCB 
21:11:23.873 [Info] Altium.Sch.Compilation.Compiler.SchCompilator: Compile Notification start - eUdmNavigator, C:\Users\Public\Documents\Altium\Projects\Motorsürücü\Motorsürücü.PrjPcb 
21:11:23.873 [Info] Altium.Sch.Compilation.Compiler.SchCompilator: Compile Notification start - eUdmProjectView, C:\Users\Public\Documents\Altium\Projects\Motorsürücü\Motorsürücü.PrjPcb 
21:11:23.873 [Info] Altium.Sch.Compilation.Compiler.SchCompilator: Markers for Schematic Error Objects: 0 (0:00:00,0000303) 
21:11:23.873 [Info] Altium.Sch.Compilation.Compiler.SchCompilator: Compile Notifications end, (0:00:00,0044104) 
21:11:26.358 [Info] Altium.Sch.Compilation.Compiler.BackgroundCompiler: Compilation requested (DCCW.ProjectSettingsChanged): C:\Users\Public\Documents\Altium\Projects\ProjectX\ProjectX.PrjPcb  
21:11:26.358 [Info] Altium.Sch.Compilation.Compiler.ProjectCompiler: Compilation completed, (0:00:00,0030149) 
21:11:26.376 [Info] Altium.Sch.Core.Verification.ViolationManagerConsumer: ViolationManagerConsumer (ViolationCount:55, AllViolations:55, DeleteExisting:True) (0:00:00,0003686) 
21:11:26.376 [Info] Altium.Sch.Core.Verification.ProjectValidator: ERC default completed (0:00:00,0027323) 
21:11:26.376 [Info] Altium.Sch.Compilation.Compiler.BackgroundCompiler: Compilation request completed: DONE ver: 13  - C:\Users\Public\Documents\Altium\Projects\ProjectX\ProjectX.PrjPcb, Compiled: True 
21:11:26.503 [Info] Altium.Sch.Compilation.Compiler.BackgroundCompiler: Compilation requested (DCCW.ProjectSettingsChanged): C:\Users\Public\Documents\Altium\Projects\ProjectX\ProjectX.PrjPcb  
21:11:26.507 [Info] Altium.Sch.Compilation.Compiler.ProjectCompiler: Compilation completed, (0:00:00,0030654) 
21:11:26.524 [Info] Altium.Sch.Core.Verification.ViolationManagerConsumer: ViolationManagerConsumer (ViolationCount:55, AllViolations:55, DeleteExisting:True) (0:00:00,0003423) 
21:11:26.524 [Info] Altium.Sch.Core.Verification.ProjectValidator: ERC default completed (0:00:00,0028992) 
21:11:26.524 [Info] Altium.Sch.Compilation.Compiler.BackgroundCompiler: Compilation request completed: DONE ver: 14  - C:\Users\Public\Documents\Altium\Projects\ProjectX\ProjectX.PrjPcb, Compiled: True 
21:11:26.585 [Info] Altium.Sch.Compilation.Compiler.BackgroundCompiler: Compilation requested (DCCW.ProjectSettingsChanged): C:\Users\Public\Documents\Altium\Projects\Motorsürücü\Motorsürücü.PrjPcb  
21:11:26.585 [Info] Altium.Sch.Compilation.Compiler.ProjectCompiler: Compilation completed, (0:00:00,0000353) 
21:11:26.585 [Info] Altium.Sch.Core.Verification.ViolationManagerConsumer: ViolationManagerConsumer (ViolationCount:0, AllViolations:0, DeleteExisting:True) (0:00:00,0000016) 
21:11:26.585 [Info] Altium.Sch.Core.Verification.ProjectValidator: ERC default completed (0:00:00,0003106) 
21:11:26.585 [Info] Altium.Sch.Compilation.Compiler.BackgroundCompiler: Compilation request completed: DONE ver: 2  - C:\Users\Public\Documents\Altium\Projects\Motorsürücü\Motorsürücü.PrjPcb, Compiled: True 
21:11:26.585 [Info] Altium.Sch.Compilation.Compiler.SchCompilator: Compile Notification start - eUdmNavigator, C:\Users\Public\Documents\Altium\Projects\ProjectX\ProjectX.PrjPcb 
21:11:26.585 [Info] Altium.Sch.Compilation.Compiler.SchCompilator: Compile Notification start - eUdmProjectView, C:\Users\Public\Documents\Altium\Projects\ProjectX\ProjectX.PrjPcb 
21:11:26.585 [Info] Altium.Sch.Compilation.Compiler.SchCompilator: Markers for Schematic Error Objects: 48 (0:00:00,0031556) 
21:11:26.585 [Info] Altium.Sch.Compilation.Compiler.SchCompilator: Compile Notifications end, (0:00:00,0039213) 
21:11:26.585 [Info] Altium.Sch.Compilation.Compiler.SchCompilator: Compile Notification start - eUdmNavigator, C:\Users\Public\Documents\Altium\Projects\ProjectX\ProjectX.PrjPcb 
21:11:26.585 [Info] Altium.Sch.Compilation.Compiler.SchCompilator: Compile Notification start - eUdmProjectView, C:\Users\Public\Documents\Altium\Projects\ProjectX\ProjectX.PrjPcb 
21:11:26.585 [Info] Altium.Sch.Compilation.Compiler.SchCompilator: Markers for Schematic Error Objects: 48 (0:00:00,0023662) 
21:11:26.585 [Info] Altium.Sch.Compilation.Compiler.SchCompilator: Compile Notifications end, (0:00:00,0029907) 
21:11:26.585 [Info] Altium.Sch.Compilation.Compiler.SchCompilator: Compile Notification start - eUdmNavigator, C:\Users\Public\Documents\Altium\Projects\Motorsürücü\Motorsürücü.PrjPcb 
21:11:26.585 [Info] Altium.Sch.Compilation.Compiler.SchCompilator: Compile Notification start - eUdmProjectView, C:\Users\Public\Documents\Altium\Projects\Motorsürücü\Motorsürücü.PrjPcb 
21:11:26.585 [Info] Altium.Sch.Compilation.Compiler.SchCompilator: Markers for Schematic Error Objects: 0 (0:00:00,0000204) 
21:11:26.585 [Info] Altium.Sch.Compilation.Compiler.SchCompilator: Compile Notifications end, (0:00:00,0005125) 
21:12:05.386 [Info] Altium.Sch.Compilation.Compiler.BackgroundCompiler: Compilation requested (DCCW.ProjectSettingsChanged): C:\Users\Public\Documents\Altium\Projects\Motorsürücü\Motorsürücü.PrjPcb  
21:12:05.386 [Info] Altium.Sch.Compilation.Compiler.ProjectCompiler: Compilation completed, (0:00:00,0000331) 
21:12:05.386 [Info] Altium.Sch.Core.Verification.ViolationManagerConsumer: ViolationManagerConsumer (ViolationCount:0, AllViolations:0, DeleteExisting:True) (0:00:00,000002) 
21:12:05.386 [Info] Altium.Sch.Core.Verification.ProjectValidator: ERC default completed (0:00:00,0003496) 
21:12:05.386 [Info] Altium.Sch.Compilation.Compiler.BackgroundCompiler: Compilation request completed: DONE ver: 3  - C:\Users\Public\Documents\Altium\Projects\Motorsürücü\Motorsürücü.PrjPcb, Compiled: True 
21:12:05.459 [Info] Altium.Sch.Compilation.Compiler.BackgroundCompiler: Compilation requested (DCCW.ProjectSettingsChanged): C:\Users\Public\Documents\Altium\Projects\Motorsürücü\Motorsürücü.PrjPcb  
21:12:05.459 [Info] Altium.Sch.Compilation.Compiler.ProjectCompiler: Compilation completed, (0:00:00,0000636) 
21:12:05.459 [Info] Altium.Sch.Core.Verification.ViolationManagerConsumer: ViolationManagerConsumer (ViolationCount:0, AllViolations:0, DeleteExisting:True) (0:00:00,000004) 
21:12:05.459 [Info] Altium.Sch.Core.Verification.ProjectValidator: ERC default completed (0:00:00,0006077) 
21:12:05.459 [Info] Altium.Sch.Compilation.Compiler.BackgroundCompiler: Compilation request completed: DONE ver: 4  - C:\Users\Public\Documents\Altium\Projects\Motorsürücü\Motorsürücü.PrjPcb, Compiled: True 
21:12:05.569 [Info] Altium.Sch.Compilation.Compiler.SchCompilator: Compile Notification start - eUdmNavigator, C:\Users\Public\Documents\Altium\Projects\Motorsürücü\Motorsürücü.PrjPcb 
21:12:05.569 [Info] Altium.Sch.Compilation.Compiler.SchCompilator: Compile Notification start - eUdmProjectView, C:\Users\Public\Documents\Altium\Projects\Motorsürücü\Motorsürücü.PrjPcb 
21:12:05.569 [Info] Altium.Sch.Compilation.Compiler.SchCompilator: Markers for Schematic Error Objects: 0 (0:00:00,0000289) 
21:12:05.569 [Info] Altium.Sch.Compilation.Compiler.SchCompilator: Compile Notifications end, (0:00:00,0008945) 
21:12:05.569 [Info] Altium.Sch.Compilation.Compiler.SchCompilator: Compile Notification start - eUdmNavigator, C:\Users\Public\Documents\Altium\Projects\Motorsürücü\Motorsürücü.PrjPcb 
21:12:05.569 [Info] Altium.Sch.Compilation.Compiler.SchCompilator: Compile Notification start - eUdmProjectView, C:\Users\Public\Documents\Altium\Projects\Motorsürücü\Motorsürücü.PrjPcb 
21:12:05.569 [Info] Altium.Sch.Compilation.Compiler.SchCompilator: Markers for Schematic Error Objects: 0 (0:00:00,0000185) 
21:12:05.569 [Info] Altium.Sch.Compilation.Compiler.SchCompilator: Compile Notifications end, (0:00:00,0005389) 
21:12:46.662 [Info] Altium.Sch.Compilation.Compiler.DynamicCompilerChangesWatcher: Remove C:\Users\Public\Documents\Altium\Projects\ProjectX\ProjectX.PrjPcb 
21:12:46.662 [Info] Altium.Sch.Compilation.Compiler.DynamicCompilerChangesWatcher: Remove C:\Users\Public\Documents\Altium\Projects\Motorsürücü\Motorsürücü.PrjPcb 
21:12:46.662 [Info] Altium.Sch.Compilation.Compiler.DynamicCompilerChangesWatcher: Remove Free Documents 
21:12:46.719 [Info] Altium.Sch.Compilation.Compiler.CompilerGlobalController: Continuous compilation suspended globally (0) 
21:12:47.872 [Info] Altium.Sch.Compilation.Compiler.SchCompilator: Observer unregistered eUdmNavigator 
21:12:48.004 [Info] Altium.Sch.Compilation.Compiler.SchCompilator: Observer unregistered eUdmNavigator 
21:12:48.124 [Info] Altium.Sch.Compilation.Compiler.SchCompilator: Observer unregistered eUdmNavigator 
21:12:48.243 [Info] Altium.Sch.Compilation.Compiler.CompilerGlobalController: Continuous compilation resumed globally (0) 
21:13:04.356 [Info] Altium.Sch.Compilation.Compiler.CompilerGlobalController: Continuous compilation suspended globally (0) 
21:13:04.402 [Info] Altium.Sch.Compilation.Compiler.CompilerGlobalController: Continuous compilation resumed globally (0) 
21:13:06.099 [Info] Altium.Sch.Core.Settings.AdGlobalSettings: Global settings initialized 
21:13:06.099 [Info] Altium.Sch.Core.InterfaceProviders.ModelTypesProvider: Model types initialized 
21:13:06.711 [Info] Altium.Sch.Compilation.Compiler.SchCompilator: Observer registered eUdmNavigator: 'C:\Users\Public\Documents\Altium\AD20\Library\Projects\Miscellaneous Devices\Miscellaneous Devices.LibPkg' 
21:13:06.915 [Info] Altium.Sch.Compilation.Compiler.SchCompilator: Observer registered eUdmNavigator: 'C:\Users\Public\Documents\Altium\Projects\ProjectX\ProjectX.PrjPcb' 
21:13:07.196 [Info] Altium.Sch.Compilation.Compiler.DynamicCompilerChangesWatcher: Start Load Project Data C:\Users\Public\Documents\Altium\Projects\ProjectX\ProjectX.PrjPcb 
21:13:07.216 [Info] Altium.Sch.Core.ProjectUtils.DataFile.SchematicReaderAsync: Project loading... Documents: 3 
21:13:07.767 [Info] Altium.Sch.Compilation.Compiler.BackgroundCompiler: Compilation requested (DCCW.ProjectLoaded): C:\Users\Public\Documents\Altium\Projects\ProjectX\ProjectX.PrjPcb  
21:13:07.767 [Info] Altium.Sch.Core.ProjectUtils.DataFile.SchematicReaderAsync: Load Project C:\Users\Public\Documents\Altium\Projects\ProjectX\ProjectX.PrjPcb Completed, 3 schematics (0:00:00,5595181) 
21:13:07.810 [Info] Altium.Sch.Compilation.Compiler.BackgroundCompiler: Compilation requested (DCCW.DocumentLoading (delayed)): C:\Users\Public\Documents\Altium\Projects\ProjectX\ProjectX.PrjPcb  
21:13:07.810 [Info] Altium.Sch.Compilation.Compiler.DynamicCompilerChangesWatcher: DocumentLoading: documentFullPath: C:\Users\Public\Documents\Altium\Projects\ProjectX\MCU.SchDoc, projectFullPath: C:\Users\Public\Documents\Altium\Projects\ProjectX\ProjectX.PrjPcb, unit: eMil, (0:00:00,024172) 
21:13:08.078 [Info] Altium.Sch.Compilation.Compiler.ProjectCompiler: Compilation completed, (0:00:00,2947687) 
21:13:08.677 [Info] Altium.Sch.Compilation.Compiler.BackgroundCompiler: Compilation requested (DCCW.DocumentLoading (delayed)): C:\Users\Public\Documents\Altium\Projects\ProjectX\ProjectX.PrjPcb  
21:13:08.677 [Info] Altium.Sch.Compilation.Compiler.DynamicCompilerChangesWatcher: DocumentLoading: documentFullPath: C:\Users\Public\Documents\Altium\Projects\ProjectX\MP2307DN.SchDoc, projectFullPath: C:\Users\Public\Documents\Altium\Projects\ProjectX\ProjectX.PrjPcb, unit: eMil, (0:00:00,0024571) 
21:13:08.677 [Info] Altium.Sch.Core.Verification.ViolationManagerConsumer: ViolationManagerConsumer (ViolationCount:55, AllViolations:55, DeleteExisting:True) (0:00:00,1818394) 
21:13:08.677 [Info] Altium.Sch.Core.Verification.ProjectValidator: ERC default completed (0:00:00,355638) 
21:13:08.677 [Info] Altium.Sch.Compilation.Compiler.BackgroundCompiler: Compilation request completed: DONE ver: 4  - C:\Users\Public\Documents\Altium\Projects\ProjectX\ProjectX.PrjPcb, Compiled: True 
21:13:08.711 [Info] Altium.Sch.Compilation.Compiler.ProjectCompiler: Compilation completed, (0:00:00,0116631) 
21:13:08.711 [Info] Altium.Sch.Core.Verification.ViolationManagerConsumer: ViolationManagerConsumer (ViolationCount:55, AllViolations:55, DeleteExisting:True) (0:00:00,0004024) 
21:13:08.711 [Info] Altium.Sch.Core.Verification.ProjectValidator: ERC default completed (0:00:00,0028178) 
21:13:08.711 [Info] Altium.Sch.Compilation.Compiler.BackgroundCompiler: Compilation request completed: DONE ver: 8  - C:\Users\Public\Documents\Altium\Projects\ProjectX\ProjectX.PrjPcb, Compiled: True 
21:13:08.841 [Info] Altium.Sch.Compilation.Compiler.BackgroundCompiler: Compilation requested (DCCW.DocumentLoading (delayed)): C:\Users\Public\Documents\Altium\Projects\ProjectX\ProjectX.PrjPcb  
21:13:08.854 [Info] Altium.Sch.Compilation.Compiler.DynamicCompilerChangesWatcher: DocumentLoading: documentFullPath: C:\Users\Public\Documents\Altium\Projects\ProjectX\IR2101.SchDoc, projectFullPath: C:\Users\Public\Documents\Altium\Projects\ProjectX\ProjectX.PrjPcb, unit: eMil, (0:00:00,0139823) 
21:13:08.854 [Info] Altium.Sch.Compilation.Compiler.ProjectCompiler: Compilation completed, (0:00:00,0029113) 
21:13:08.871 [Info] Altium.Sch.Core.Verification.ViolationManagerConsumer: ViolationManagerConsumer (ViolationCount:55, AllViolations:55, DeleteExisting:True) (0:00:00,0003397) 
21:13:08.871 [Info] Altium.Sch.Core.Verification.ProjectValidator: ERC default completed (0:00:00,0031082) 
21:13:08.871 [Info] Altium.Sch.Compilation.Compiler.BackgroundCompiler: Compilation request completed: DONE ver: 10  - C:\Users\Public\Documents\Altium\Projects\ProjectX\ProjectX.PrjPcb, Compiled: True 
21:13:09.332 [Info] Altium.Sch.Compilation.Compiler.SchCompilator: Observer registered eUdmProjectView: '' 
21:13:12.038 [Info] Altium.Sch.Compilation.Compiler.SchCompilator: Compile Notification start - eUdmNavigator, C:\Users\Public\Documents\Altium\Projects\ProjectX\ProjectX.PrjPcb 
21:13:12.038 [Info] Altium.Sch.Compilation.Compiler.SchCompilator: Compile Notification start - eUdmProjectView, C:\Users\Public\Documents\Altium\Projects\ProjectX\ProjectX.PrjPcb 
21:13:12.079 [Info] Altium.Sch.Compilation.Compiler.SchCompilator: Markers for Schematic Error Objects: 48 (0:00:00,001984) 
21:13:12.079 [Info] Altium.Sch.Compilation.Compiler.SchCompilator: Compile Notifications end, (0:00:00,0415017) 
21:13:12.079 [Info] Altium.Sch.Compilation.Compiler.SchCompilator: Compile Notification start - eUdmNavigator, C:\Users\Public\Documents\Altium\Projects\ProjectX\ProjectX.PrjPcb 
21:13:12.079 [Info] Altium.Sch.Compilation.Compiler.SchCompilator: Compile Notification start - eUdmProjectView, C:\Users\Public\Documents\Altium\Projects\ProjectX\ProjectX.PrjPcb 
21:13:12.079 [Info] Altium.Sch.Compilation.Compiler.SchCompilator: Markers for Schematic Error Objects: 48 (0:00:00,0021031) 
21:13:12.079 [Info] Altium.Sch.Compilation.Compiler.SchCompilator: Compile Notifications end, (0:00:00,0028762) 
21:13:12.079 [Info] Altium.Sch.Compilation.Compiler.SchCompilator: Compile Notification start - eUdmNavigator, C:\Users\Public\Documents\Altium\Projects\ProjectX\ProjectX.PrjPcb 
21:13:12.083 [Info] Altium.Sch.Compilation.Compiler.SchCompilator: Compile Notification start - eUdmProjectView, C:\Users\Public\Documents\Altium\Projects\ProjectX\ProjectX.PrjPcb 
21:13:12.083 [Info] Altium.Sch.Compilation.Compiler.SchCompilator: Markers for Schematic Error Objects: 48 (0:00:00,002299) 
21:13:12.083 [Info] Altium.Sch.Compilation.Compiler.SchCompilator: Compile Notifications end, (0:00:00,0030408) 
21:13:41.711 [Info] Altium.Sch.Compilation.Compiler.SchCompilator: Observer registered eUdmNavigator: 'PCB_Project1.PrjPCB' 
21:13:45.631 [Info] Altium.Sch.Compilation.Compiler.DynamicCompilerChangesWatcher: Start Load Project Data PCB_Project1.PrjPCB 
21:13:46.909 [Info] Altium.Sch.Core.ProjectUtils.DataFile.SchematicReaderAsync: Project loading... Documents: 0 
21:13:48.186 [Info] Altium.Sch.Compilation.Compiler.BackgroundCompiler: Compilation requested (DCCW.ProjectLoaded): PCB_Project1.PrjPCB  
21:13:48.186 [Info] Altium.Sch.Core.ProjectUtils.DataFile.SchematicReaderAsync: Load Project PCB_Project1.PrjPCB Completed, 0 schematics (0:00:02,5554441) 
21:13:48.186 [Info] Altium.Sch.Compilation.Compiler.ProjectCompiler: Compilation completed, (0:00:00,00008) 
21:13:48.186 [Info] Altium.Sch.Core.Verification.ViolationManagerConsumer: ViolationManagerConsumer (ViolationCount:0, AllViolations:0, DeleteExisting:True) (0:00:00,0000016) 
21:13:48.186 [Info] Altium.Sch.Core.Verification.ProjectValidator: ERC default completed (0:00:00,0003958) 
21:13:48.186 [Info] Altium.Sch.Compilation.Compiler.BackgroundCompiler: Compilation request completed: DONE ver: 1  - PCB_Project1.PrjPCB, Compiled: True 
21:13:48.683 [Info] Altium.Sch.Compilation.Compiler.SchCompilator: Observer registered eUdmNavigator: 'C:\Users\Public\Documents\Altium\Projects\motorsürücü\motorsürücü.PrjPcb' 
21:13:48.746 [Info] Altium.Sch.Compilation.Compiler.DynamicCompilerChangesWatcher: Start Load Project Data C:\Users\Public\Documents\Altium\Projects\motorsürücü\motorsürücü.PrjPcb 
21:13:48.746 [Info] Altium.Sch.Core.ProjectUtils.DataFile.SchematicReaderAsync: Project loading... Documents: 0 
21:13:48.746 [Info] Altium.Sch.Compilation.Compiler.BackgroundCompiler: Compilation requested (DCCW.ProjectLoaded): C:\Users\Public\Documents\Altium\Projects\motorsürücü\motorsürücü.PrjPcb  
21:13:48.746 [Info] Altium.Sch.Core.ProjectUtils.DataFile.SchematicReaderAsync: Load Project C:\Users\Public\Documents\Altium\Projects\motorsürücü\motorsürücü.PrjPcb Completed, 0 schematics (0:00:00,0023979) 
21:13:48.746 [Info] Altium.Sch.Compilation.Compiler.ProjectCompiler: Compilation completed, (0:00:00,0000443) 
21:13:48.746 [Info] Altium.Sch.Core.Verification.ViolationManagerConsumer: ViolationManagerConsumer (ViolationCount:0, AllViolations:0, DeleteExisting:True) (0:00:00,000002) 
21:13:48.746 [Info] Altium.Sch.Core.Verification.ProjectValidator: ERC default completed (0:00:00,0004415) 
21:13:48.746 [Info] Altium.Sch.Compilation.Compiler.BackgroundCompiler: Compilation request completed: DONE ver: 1  - C:\Users\Public\Documents\Altium\Projects\motorsürücü\motorsürücü.PrjPcb, Compiled: True 
21:13:48.913 [Info] Altium.Sch.Compilation.Compiler.BackgroundCompiler: Continuous compilation suspended (0): projectFullPath: PCB_Project1.PrjPCB 
21:13:48.928 [Info] Altium.Sch.Compilation.Compiler.SchCompilator: Observer unregistered eUdmNavigator 
21:13:48.928 [Info] Altium.Sch.Compilation.Compiler.DynamicCompilerChangesWatcher: Remove PCB_Project1.PrjPCB 
21:13:49.111 [Info] Altium.Sch.Compilation.Compiler.SchCompilator: Compile Notification start - eUdmProjectView, PCB_Project1.PrjPCB 
21:13:49.111 [Info] Altium.Sch.Compilation.Compiler.SchCompilator: Markers for Schematic Error Objects: 0 (0:00:00,0000323) 
21:13:49.111 [Info] Altium.Sch.Compilation.Compiler.SchCompilator: Compile Notifications end, (0:00:00,0009176) 
21:13:49.111 [Info] Altium.Sch.Compilation.Compiler.SchCompilator: Compile Notification start - eUdmNavigator, C:\Users\Public\Documents\Altium\Projects\motorsürücü\motorsürücü.PrjPcb 
21:13:49.111 [Info] Altium.Sch.Compilation.Compiler.SchCompilator: Compile Notification start - eUdmProjectView, C:\Users\Public\Documents\Altium\Projects\motorsürücü\motorsürücü.PrjPcb 
21:13:49.114 [Info] Altium.Sch.Compilation.Compiler.SchCompilator: Markers for Schematic Error Objects: 0 (0:00:00,0000281) 
21:13:49.114 [Info] Altium.Sch.Compilation.Compiler.SchCompilator: Compile Notifications end, (0:00:00,0023321) 
21:14:22.935 [Info] Altium.Sch.Compilation.Compiler.BackgroundCompiler: Compilation requested (DCCW.ProjectSettingsChanged): C:\Users\Public\Documents\Altium\Projects\motorsürücü\motorsürücü.PrjPcb  
21:14:22.935 [Info] Altium.Sch.Compilation.Compiler.ProjectCompiler: Compilation completed, (0:00:00,0000367) 
21:14:22.935 [Info] Altium.Sch.Core.Verification.ViolationManagerConsumer: ViolationManagerConsumer (ViolationCount:0, AllViolations:0, DeleteExisting:True) (0:00:00,0000016) 
21:14:22.935 [Info] Altium.Sch.Core.Verification.ProjectValidator: ERC default completed (0:00:00,0003373) 
21:14:22.949 [Info] Altium.Sch.Compilation.Compiler.BackgroundCompiler: Compilation request completed: DONE ver: 2  - C:\Users\Public\Documents\Altium\Projects\motorsürücü\motorsürücü.PrjPcb, Compiled: True 
21:14:23.032 [Info] Altium.Sch.Compilation.Compiler.SchCompilator: Compile Notification start - eUdmNavigator, C:\Users\Public\Documents\Altium\Projects\motorsürücü\motorsürücü.PrjPcb 
21:14:23.032 [Info] Altium.Sch.Compilation.Compiler.SchCompilator: Compile Notification start - eUdmProjectView, C:\Users\Public\Documents\Altium\Projects\motorsürücü\motorsürücü.PrjPcb 
21:14:23.032 [Info] Altium.Sch.Compilation.Compiler.SchCompilator: Markers for Schematic Error Objects: 0 (0:00:00,000026) 
21:14:23.032 [Info] Altium.Sch.Compilation.Compiler.SchCompilator: Compile Notifications end, (0:00:00,0011167) 
21:16:49.408 [Info] Altium.Sch.Compilation.Compiler.BackgroundCompiler: Compilation requested (DCCW.ProjectSettingsChanged): C:\Users\Public\Documents\Altium\Projects\motorsürücü\motorsürücü.PrjPcb  
21:16:49.408 [Info] Altium.Sch.Compilation.Compiler.ProjectCompiler: Compilation completed, (0:00:00,0000341) 
21:16:49.408 [Info] Altium.Sch.Core.Verification.ViolationManagerConsumer: ViolationManagerConsumer (ViolationCount:0, AllViolations:0, DeleteExisting:True) (0:00:00,0000013) 
21:16:49.408 [Info] Altium.Sch.Core.Verification.ProjectValidator: ERC default completed (0:00:00,0003164) 
21:16:49.408 [Info] Altium.Sch.Compilation.Compiler.BackgroundCompiler: Compilation request completed: DONE ver: 3  - C:\Users\Public\Documents\Altium\Projects\motorsürücü\motorsürücü.PrjPcb, Compiled: True 
21:16:50.286 [Info] Altium.Sch.Compilation.Compiler.DynamicCompilerChangesWatcher: Remove C:\Users\Public\Documents\Altium\Projects\ProjectX\ProjectX.PrjPcb 
21:16:50.286 [Info] Altium.Sch.Compilation.Compiler.DynamicCompilerChangesWatcher: Remove C:\Users\Public\Documents\Altium\Projects\motorsürücü\motorsürücü.PrjPcb 
21:16:50.286 [Info] Altium.Sch.Compilation.Compiler.DynamicCompilerChangesWatcher: Remove Free Documents 
21:16:50.335 [Info] Altium.Sch.Compilation.Compiler.CompilerGlobalController: Continuous compilation suspended globally (0) 
21:16:51.361 [Info] Altium.Sch.Compilation.Compiler.SchCompilator: Observer unregistered eUdmNavigator 
21:16:51.487 [Info] Altium.Sch.Compilation.Compiler.SchCompilator: Observer unregistered eUdmNavigator 
21:16:51.646 [Info] Altium.Sch.Compilation.Compiler.SchCompilator: Observer unregistered eUdmNavigator 
21:16:51.802 [Info] Altium.Sch.Compilation.Compiler.CompilerGlobalController: Continuous compilation resumed globally (0) 
21:16:52.481 [Info] Altium.Sch.Compilation.Compiler.SchCompilator: Compile Notification start - eUdmProjectView, C:\Users\Public\Documents\Altium\Projects\motorsürücü\motorsürücü.PrjPcb 
21:16:52.481 [Info] Altium.Sch.Compilation.Compiler.SchCompilator: Markers for Schematic Error Objects: 0 (0:00:00,0000291) 
21:16:52.481 [Info] Altium.Sch.Compilation.Compiler.SchCompilator: Compile Notifications end, (0:00:00,0005606) 
