25/05/2022 21:17:14:285( 1D44):  ================= Installer started =================
25/05/2022 21:17:14:285( 1D44):  Operating system: Windows 10, version 10.0.22000
25/05/2022 21:17:14:285( 1D44):  CPU architecture: x64
25/05/2022 21:17:14:285( 1D44):  CPU count: 8
25/05/2022 21:17:14:285( 1D44):  Physical memory total: 7.8 GB (8387928064 bytes)
25/05/2022 21:17:14:285( 1D44):  Physical memory available: 3.2 GB (3455918080 bytes)
25/05/2022 21:17:14:285( 1D44):  Virtual memory total: 2.0 GB (2147352576 bytes)
25/05/2022 21:17:14:285( 1D44):  Virtual memory available: 1.9 GB (2022957056 bytes)
25/05/2022 21:17:14:285( 1D44):  Installation mode: Install
25/05/2022 21:17:14:285( 1D44):  Load configuration from file: D:\AltiumDesigner20Setup.cfg
25/05/2022 21:17:14:285( 1D44):  Configuration file not found
25/05/2022 21:17:14:285( 1D44):  Processing command line parameters
25/05/2022 21:17:14:285( 1D44):  Command line: "D:\AltiumDesigner20Setup.exe" -RunAsInvoker 
25/05/2022 21:17:14:285( 1D44):  Extracting installer files
25/05/2022 21:17:15:113( 1D44):  Load schemes
25/05/2022 21:17:15:175( 1D44):  LocatorType: Offline
25/05/2022 21:17:15:175( 1D44):  LocatorParams: D:\Altium Cache
25/05/2022 21:17:15:175( 1D44):  Prepare packages (PredictExtensionsInstallSize: True)
25/05/2022 21:17:15:175( 1D44):  Analyze components
25/05/2022 21:17:15:175( 1D44):  Analyze packages
25/05/2022 21:17:15:175( 1D44):  Packages to remove:
25/05/2022 21:17:15:175( 1D44):    (None)
25/05/2022 21:17:15:175( 1D44):  Packages to install:
25/05/2022 21:17:15:175( 1D44):    Examples (FileId: 9F00EDA8-5C2E-49F6-9F75-AF67EA7A4E5B, Size: 137439135)
25/05/2022 21:17:15:175( 1D44):    Base_PCB (FileId: 2E74828B-8EF2-410F-BC5E-A0875E74ADF8, Size: 91868605)
25/05/2022 21:17:15:175( 1D44):    Base_Core_Static (FileId: 7DD4F9A4-84E1-4192-96BB-2393D6D4AF31, Size: 78790226)
25/05/2022 21:17:15:175( 1D44):    Base_WorkspaceManager (FileId: 9387B46F-0074-47AF-A2E8-EFE3D163FFE9, Size: 77980807)
25/05/2022 21:17:15:175( 1D44):    Chromium Static (FileId: D57B0FF5-997A-409C-8765-2CB55968F5A1, Size: 70920210)
25/05/2022 21:17:15:175( 1D44):    NET_Framework (FileId: 4A33B8F1-C341-4A18-8FEC-A3D7F6A6663B, Size: 67588653)
25/05/2022 21:17:15:175( 1D44):    Vault - VaultExplorer (FileId: 37B0EEEA-942E-40CD-9213-32B264FAAD87, Size: 46492302)
25/05/2022 21:17:15:175( 1D44):    Base_PCBUtils_Static (FileId: 2FAE7EDD-E193-4E1E-A3B1-4F2DD9964E68, Size: 43861201)
25/05/2022 21:17:15:175( 1D44):    Base_Core (FileId: 4DAAEE2D-E229-4015-8AF2-4AC553F6A320, Size: 32684235)
25/05/2022 21:17:15:175( 1D44):    Rtl.net Controls (FileId: 3697A009-BC20-4F0A-9692-2FFA2D2BB825, Size: 31850759)
25/05/2022 21:17:15:175( 1D44):    TeighaX (FileId: 36658785-B7C9-4113-8850-97BC322CDDB4, Size: 21993096)
25/05/2022 21:17:15:175( 1D44):    Base_PCBUtils - CAMdlgs (FileId: 4E925511-E234-444A-8327-F8E8AD039483, Size: 19896615)
25/05/2022 21:17:15:175( 1D44):    Base_PCB - PcbDlgs (FileId: 5AA92755-EE32-4396-9E9D-40A4CCF71B4E, Size: 19363765)
25/05/2022 21:17:15:175( 1D44):    Base_MultiBoardAssembly (FileId: 91410AD8-650A-4FFC-856F-64FB38CB2FDC, Size: 18859015)
25/05/2022 21:17:15:175( 1D44):    Base_Sch (FileId: 7EE0E008-28CB-4E6F-B90F-FAAA850C6F63, Size: 18603335)
25/05/2022 21:17:15:175( 1D44):    Base_PCB - Gloss (FileId: 164B975A-12AD-4C42-88F5-3FACE201B70B, Size: 16488101)
25/05/2022 21:17:15:175( 1D44):    Gerber (FileId: AD8891B9-DB82-4F57-A1B1-EE5E0FE3E114, Size: 16386369)
25/05/2022 21:17:15:175( 1D44):    Base_GUI (FileId: A3022CF2-D111-4624-8064-30FFB6700B35, Size: 15100246)
25/05/2022 21:17:15:175( 1D44):    Base_EditScript (FileId: 4153C167-21AC-40F4-9AA7-514B3ADF6F31, Size: 15065286)
25/05/2022 21:17:15:175( 1D44):    Base_ScriptingSystem (FileId: 53A6AE47-2859-4DA4-A24D-E2F8F2772FF4, Size: 14104146)
25/05/2022 21:17:15:175( 1D44):    AltiumPCB Exporter (FileId: 63806625-D4C3-4559-A24B-6D8511DBAF4D, Size: 13368147)
25/05/2022 21:17:15:175( 1D44):    Importer_Expedition (FileId: 402631AF-B1A3-4916-AE69-D7B512930B4B, Size: 12235915)
25/05/2022 21:17:15:175( 1D44):    OUT_UniExporter (FileId: 63FAA7E4-6911-40CB-B440-31BEE1B4F103, Size: 12130705)
25/05/2022 21:17:15:175( 1D44):    Vault - EDesignData (FileId: 95F3FB8E-5A82-485A-86BD-B04F05233B36, Size: 10783712)
25/05/2022 21:17:15:175( 1D44):    Vault - UnifiedComponent (FileId: BE15EAF2-A216-450A-8518-974793D272E6, Size: 10484358)
25/05/2022 21:17:15:175( 1D44):    Vault - EDMSInterface (FileId: F38FF418-D1B9-4CA5-88A8-4F4644210573, Size: 9889204)
25/05/2022 21:17:15:175( 1D44):    DiffReport (FileId: 9893FAF4-6795-4F82-8696-70D91AAD6F54, Size: 9647475)
25/05/2022 21:17:15:175( 1D44):    Base_ReportGenerator (FileId: 4DB5424E-EABC-4134-8A51-F1CED68B95D9, Size: 9544665)
25/05/2022 21:17:15:175( 1D44):    Vault - VaultReleaser (FileId: 205B263B-4AB9-445B-8C91-48BF8406047B, Size: 9401424)
25/05/2022 21:17:15:175( 1D44):    ERC (FileId: 85E78658-88F5-44B9-BD12-88FD930494A6, Size: 9320261)
25/05/2022 21:17:15:175( 1D44):    Base_PCB - BoardStackReport (FileId: 60631BDD-A84B-484F-A520-418DA496CA67, Size: 9247626)
25/05/2022 21:17:15:175( 1D44):    Base_PCBUtils - Tds_File (FileId: 64955BA0-8F92-48E5-8867-5A3A3845B09C, Size: 9176628)
25/05/2022 21:17:15:175( 1D44):    Base_IntegratedLibrary (FileId: FCE15719-B60A-4A05-A949-9D0523C37F83, Size: 9048263)
25/05/2022 21:17:15:175( 1D44):    Base_Core - EDPSDK (FileId: 52EA5BD8-75AF-4D38-8E01-42064B5D6AEE, Size: 8823265)
25/05/2022 21:17:15:175( 1D44):    Odb (FileId: 8EEFE76F-2DE7-48D2-A0AB-809F0F7F0333, Size: 8538272)
25/05/2022 21:17:15:175( 1D44):    Importer_99SE (FileId: 49455F2E-4E70-42F0-B471-F223D6C52F3C, Size: 8468831)
25/05/2022 21:17:15:175( 1D44):    Importer - Allegro (FileId: 6A14C5F0-FFD3-4E7A-A81C-7A8EA4623833, Size: 8335597)
25/05/2022 21:17:15:175( 1D44):    Base_EditReport (FileId: F881FD83-3D96-4958-996E-48A9D768176E, Size: 8222330)
25/05/2022 21:17:15:175( 1D44):    Importer_Accel (FileId: 5BB9DE58-470F-4130-81F7-F120ABC80FFE, Size: 8201933)
25/05/2022 21:17:15:175( 1D44):    Base_Core - EditConstraints (FileId: AB2C3787-38B2-4C74-A508-0181D5885389, Size: 8166316)
25/05/2022 21:17:15:175( 1D44):    Importer_EAGLE (FileId: AAC84417-B8D0-4591-9733-D1109B970AF2, Size: 8162600)
25/05/2022 21:17:15:175( 1D44):    Base_SchUtils - SimSupport (FileId: 6F2ED3FA-DC9B-4C6F-9C78-624FA8BFB3DD, Size: 8138859)
25/05/2022 21:17:15:175( 1D44):    Importer_PADS (FileId: 2B587F54-B11E-46A6-AF19-81DE58C61449, Size: 8134409)
25/05/2022 21:17:15:175( 1D44):    Base_Core - ExtensionManager (FileId: 6005E983-A7EC-43C5-A578-69A526E35A90, Size: 8124667)
25/05/2022 21:17:15:175( 1D44):    Base_Core - TextEdit (FileId: 32F7F0BC-D977-4554-929E-5801EE5DB05D, Size: 8112136)
25/05/2022 21:17:15:175( 1D44):    PcbPrint (FileId: 29F00102-BF0C-4CCF-8D67-8EA5A6ED43C0, Size: 8088915)
25/05/2022 21:17:15:175( 1D44):    Base_PCBUtils - Routecct (FileId: 971F09BB-F5FD-4929-AAF0-F7256E3BABEC, Size: 8027147)
25/05/2022 21:17:15:175( 1D44):    Base_SchUtils - XW_Diode (FileId: B32BE77D-BB19-4F39-B957-F207AFA4C8BE, Size: 8016595)
25/05/2022 21:17:15:175( 1D44):    Base_SchUtils - SimView (FileId: 5FA2945F-FEFD-48DE-BC16-FA6028782CED, Size: 7964698)
25/05/2022 21:17:15:175( 1D44):    Exporter_IDF (FileId: A7757EED-EF33-474B-BB7B-CCC2895C0B3B, Size: 7964488)
25/05/2022 21:17:15:175( 1D44):    Base_SchUtils - EditSim (FileId: 42C1A08C-D664-4DB6-AA67-FBD8FA605683, Size: 7951678)
25/05/2022 21:17:15:175( 1D44):    Vault - Altium (FileId: BEFAB24E-A335-4189-BB62-E521005FCD96, Size: 7941413)
25/05/2022 21:17:15:175( 1D44):    Importer - CM2000 (FileId: 8ECCEF1E-A647-4162-A007-F513576D144C, Size: 7900780)
25/05/2022 21:17:15:175( 1D44):    Base_PCBUtils - PCB3D (FileId: A6B80814-9AB5-431A-82A1-5451FE065B41, Size: 7883348)
25/05/2022 21:17:15:175( 1D44):    Base_SchUtils - XW_TransistorBJT (FileId: 6B926BF1-6415-4C78-9719-5A6DDD4ADC2D, Size: 7859482)
25/05/2022 21:17:15:175( 1D44):    Orcad7ld (FileId: 517DD50D-CBF9-49E1-B5D5-9EAF7C0693F7, Size: 7846903)
25/05/2022 21:17:15:175( 1D44):    Importer_CADSTAR (FileId: 795C5431-181F-4B4F-8467-DBD81497C23E, Size: 7839991)
25/05/2022 21:17:15:175( 1D44):    ExportIDF (FileId: 728198C6-047D-4237-8569-13EC26C0440F, Size: 7815830)
25/05/2022 21:17:15:175( 1D44):    PickPlace (FileId: F097C8DF-5FF0-49F6-B391-CBB140AAD81B, Size: 7803449)
25/05/2022 21:17:15:175( 1D44):    Base_PinSwapper (FileId: 331EB7E6-D5D4-483A-8E2E-16204B62F35E, Size: 7789711)
25/05/2022 21:17:15:175( 1D44):    Base_LibraryInterface (FileId: A4C58F3B-E375-411E-8A4B-63F06E9E4456, Size: 7775979)
25/05/2022 21:17:15:175( 1D44):    Base_ImporterManager (FileId: 5373BD05-F6B8-4D2B-A4CC-532DCAE90E69, Size: 7755400)
25/05/2022 21:17:15:175( 1D44):    Importer_OrCAD (FileId: 78EE6F28-24A3-449F-940C-4F0940239479, Size: 7728225)
25/05/2022 21:17:15:175( 1D44):    Importer_IDF (FileId: 561226C8-DB66-4FC6-9E2F-17A74A89A831, Size: 7727537)
25/05/2022 21:17:15:175( 1D44):    SchPrint (FileId: 4170A3C5-5EBA-4F7D-97DD-0705213713D9, Size: 7688886)
25/05/2022 21:17:15:175( 1D44):    Vault - FolderReleaserMigrationTools (FileId: 4D9A8377-AB79-4D22-9ACD-950009DA26AF, Size: 7687705)
25/05/2022 21:17:15:175( 1D44):    Base_AltiumPortalCache (FileId: A3938E4E-0988-4F7D-87E4-5EC3B270EC1F, Size: 7680543)
25/05/2022 21:17:15:175( 1D44):    Importer_DxDesigner (FileId: 06453451-6F03-48C6-8BC9-A130DA026FE4, Size: 7675522)
25/05/2022 21:17:15:175( 1D44):    Exporter_DXF (FileId: BDF3519C-211D-405A-A95E-297E3592A7E4, Size: 7655256)
25/05/2022 21:17:15:175( 1D44):    Base_SchUtils - XW_TransmissionLine_Lossy (FileId: 787A1E9C-683C-4EB6-B98C-A7C98645C574, Size: 7632956)
25/05/2022 21:17:15:175( 1D44):    Importer - PADSOrcad (FileId: 0129E665-3E25-4EEB-89E2-B2B689D9591C, Size: 7630420)
25/05/2022 21:17:15:175( 1D44):    Base_SchUtils - XW_SwitchCurrentControlled (FileId: 3D4504BD-F6BF-4928-ADB8-ED1AD2B6917A, Size: 7630018)
25/05/2022 21:17:15:175( 1D44):    Base_SchUtils - XW_SwitchVoltageControlled.dll (FileId: D24E015A-CDF4-4C3B-A415-6BD4CE709C15, Size: 7629738)
25/05/2022 21:17:15:175( 1D44):    Base_SchUtils - XW_SemiconductorResistor (FileId: 4ADA76D2-1483-4F65-BBD4-85D6C8A23048, Size: 7628594)
25/05/2022 21:17:15:175( 1D44):    Base_SchUtils - XW_SemiconductorCapacitor (FileId: FAFB06A5-B269-4C83-A509-4C6BF9DAF789, Size: 7628384)
25/05/2022 21:17:15:175( 1D44):    Base_SchUtils - XW_TransmissionLine_URC (FileId: B37EAF3A-31A2-46AC-8BA1-DE9200CF3D5D, Size: 7628318)
25/05/2022 21:17:15:175( 1D44):    Drill (FileId: 4793A0E5-AFDD-4987-AD9F-C7F7F93F970C, Size: 7602589)
25/05/2022 21:17:15:175( 1D44):    Base_Core - SiSupport (FileId: 607A3EFA-55CE-4BE6-B99D-BC48019A881C, Size: 7597695)
25/05/2022 21:17:15:175( 1D44):    Base_Core - AcquisitionManager (FileId: 6EC3CC1A-D6D0-4CD5-9A2B-EF2C98B342FC, Size: 7593573)
25/05/2022 21:17:15:175( 1D44):    Testpoint (FileId: 46BF2753-B439-462B-B834-A7FF9515DD3F, Size: 7591589)
25/05/2022 21:17:15:175( 1D44):    ImporterExporter_Specctra (FileId: 2A9991F6-5782-42BF-9481-09A5C7ABF2AA, Size: 7577075)
25/05/2022 21:17:15:175( 1D44):    Importer_PCADASCII (FileId: 6CBDEA17-5BF5-4F98-A7AC-63573606F22A, Size: 7558973)
25/05/2022 21:17:15:175( 1D44):    Importer_OrcadSDT (FileId: 15CC603B-5B10-44B3-BCD0-C88DD67A0218, Size: 7558550)
25/05/2022 21:17:15:175( 1D44):    SchDwgUtility (FileId: 2B85C195-2D7B-4C1E-8CC8-05357F7959D5, Size: 7557236)
25/05/2022 21:17:15:175( 1D44):    UpdateFromPCBLibraries (FileId: A9101BE6-D83F-4F51-9D09-5FCFA751552D, Size: 7541964)
25/05/2022 21:17:15:175( 1D44):    Publisher - S3 (FileId: 84F697DA-86C5-4987-BF9C-CAA91842B238, Size: 7541765)
25/05/2022 21:17:15:175( 1D44):    Vault - FolderReleaser (FileId: F584DE6D-C339-4928-A65E-261A3C8C59A2, Size: 7523634)
25/05/2022 21:17:15:175( 1D44):    Out_Environment (FileId: B98919BF-A351-44F3-A1D9-FA34C92D795B, Size: 7492386)
25/05/2022 21:17:15:175( 1D44):    Exporter_PCAD_ASCII (FileId: 9A5B413C-A090-4FC8-951D-9F5B76E68AC3, Size: 7492275)
25/05/2022 21:17:15:175( 1D44):    SimView (FileId: E2E4E026-E2DF-41E4-90FF-A139C6AB2DE9, Size: 7466424)
25/05/2022 21:17:15:175( 1D44):    ComponentMaker_Capacitor (FileId: CB3DB637-4DEB-42BA-8C80-1B839FCDB744, Size: 7455949)
25/05/2022 21:17:15:175( 1D44):    OutputerComponentState (FileId: EFB8FA06-2ADD-436B-BC13-2739F9BDDA46, Size: 7455784)
25/05/2022 21:17:15:175( 1D44):    ComponentMaker_STPGA (FileId: 3D9E6ECA-9A95-4B45-9683-F7D16351C8C6, Size: 7452414)
25/05/2022 21:17:15:175( 1D44):    Out_NonNativeFiles (FileId: B252F381-5B93-4278-8D2E-FD30A3D0EEB3, Size: 7444100)
25/05/2022 21:17:15:175( 1D44):    ComponentMaker_STBGA (FileId: 2C85B0AD-E876-4620-B196-B7DD5D43F68F, Size: 7437282)
25/05/2022 21:17:15:175( 1D44):    ComponentMaker_PGA (FileId: 56519277-B4BA-468F-8E1B-69C8049E1735, Size: 7435931)
25/05/2022 21:17:15:175( 1D44):    Importer_DXF (FileId: 543FE497-760A-4BBC-8FDD-72B73C80CCBE, Size: 7434032)
25/05/2022 21:17:15:175( 1D44):    ComponentMaker_DIP (FileId: BC4500FB-687B-4CCB-83B2-C0EEB1818776, Size: 7425371)
25/05/2022 21:17:15:175( 1D44):    ComponentMaker_BGA (FileId: 06D1BF4E-03FB-40FE-B881-7A2E24A6EDFE, Size: 7413331)
25/05/2022 21:17:15:175( 1D44):    Exporter_PCADASCII (FileId: DEBA99E0-0D09-42D4-A8E2-6EEBCA06005A, Size: 7408948)
25/05/2022 21:17:15:175( 1D44):    Base_PCBUtils - Compmake (FileId: B7DC9D2D-591D-4FB7-9C23-D0482C509929, Size: 7408175)
25/05/2022 21:17:15:175( 1D44):    Importer_TangoPCBASCII (FileId: 85CAA080-F41D-489D-AD9A-96787D321633, Size: 7406583)
25/05/2022 21:17:15:175( 1D44):    ComponentMaker_Diode (FileId: 97C26811-6FD7-458B-899F-CF39151897A4, Size: 7406524)
25/05/2022 21:17:15:175( 1D44):    ComponentMaker_RES (FileId: 867AE4DD-6A97-4D1F-9B32-FDF145EF253A, Size: 7404366)
25/05/2022 21:17:15:175( 1D44):    ComponentMaker_QUAD (FileId: 84E23DC6-9266-4140-89F0-28E3FE9F9594, Size: 7400397)
25/05/2022 21:17:15:175( 1D44):    ComponentMaker_SO (FileId: E742D8AE-DEAA-4953-A841-D22B979C3135, Size: 7398400)
25/05/2022 21:17:15:175( 1D44):    ComponentMaker_LCC (FileId: C428FDBD-526B-4503-8782-875171649810, Size: 7390034)
25/05/2022 21:17:15:175( 1D44):    ComponentMaker_EdgeConnector (FileId: 8AEBC504-7B44-4BBA-85BA-73C32FB9538A, Size: 7380705)
25/05/2022 21:17:15:175( 1D44):    Exporter_Ansoft (FileId: 089419B2-90B2-4AB5-9160-4BA47AB589CB, Size: 7380463)
25/05/2022 21:17:15:175( 1D44):    AdvPcb3DPrint (FileId: D652A1E7-96C2-4944-A5FD-80B87F2F7080, Size: 7345390)
25/05/2022 21:17:15:175( 1D44):    Importer_PDIF (FileId: 9BF054FF-7AA3-4FE4-A0A9-5748BAF3F8FF, Size: 7345177)
25/05/2022 21:17:15:175( 1D44):    Publisher - BoxNet (FileId: A4BE48CB-DD39-49FE-8B13-E8CFF000C0E1, Size: 7335400)
25/05/2022 21:17:15:175( 1D44):    Exporter_Hyperlynx (FileId: 359F73F2-764B-477E-8B33-DABB3C3E0782, Size: 7319526)
25/05/2022 21:17:15:175( 1D44):    AdvPcb3DVideo (FileId: A574E992-B95C-465D-B259-19FF8DB025AD, Size: 7288616)
25/05/2022 21:17:15:175( 1D44):    Importer - ProtelPCB2.8ASCII (FileId: F5F9EC3A-69B6-429F-A180-04FE6B601092, Size: 7279738)
25/05/2022 21:17:15:175( 1D44):    Importer_ProtelPcbBinary (FileId: 399F652E-810C-4352-875F-7EC3380E55A0, Size: 7278106)
25/05/2022 21:17:15:175( 1D44):    TextPrint (FileId: 940E13D2-7256-4D6C-8ABA-29391275DB71, Size: 7277468)
25/05/2022 21:17:15:175( 1D44):    Exporter_Protel_28_ASCII (FileId: 8258F508-9674-4636-A6E5-15F35D4C2835, Size: 7261580)
25/05/2022 21:17:15:175( 1D44):    Importer_Gerber (FileId: 1DCC615D-80D8-40B8-A38D-371CDB82687B, Size: 7259963)
25/05/2022 21:17:15:175( 1D44):    SchNetlist (FileId: 12ACDEF4-2A01-4E71-9D70-CEC26E05E4D7, Size: 7253597)
25/05/2022 21:17:15:175( 1D44):    Importer_Autotrax (FileId: 45072E24-F093-4104-A320-5961DD57007D, Size: 7246489)
25/05/2022 21:17:15:175( 1D44):    ImporterProtelPCB3 (FileId: 62643825-E198-4CAD-B4BD-2B75234E9530, Size: 7245662)
25/05/2022 21:17:15:175( 1D44):    Importer_GerberBatch (FileId: 4AF6E929-42B9-40E1-B1D7-D902B01A43CB, Size: 7225765)
25/05/2022 21:17:15:175( 1D44):    Importer_OrcadCIS (FileId: 07E185D4-E9F8-43B2-BBEF-C7DB686096F8, Size: 7215252)
25/05/2022 21:17:15:175( 1D44):    Exporter_SISOFT (FileId: 940C7EE0-B813-410E-8462-5725E646DA4D, Size: 7181503)
25/05/2022 21:17:15:175( 1D44):    AltiumPCB Importer (FileId: 1594B1CC-4FCD-40A1-A049-D4E3A6FF222C, Size: 7142823)
25/05/2022 21:17:15:175( 1D44):    Publisher - FTP (FileId: 3ED4B5DE-3F05-410A-824A-C464631544D1, Size: 7128650)
25/05/2022 21:17:15:175( 1D44):    Base_SchUtils - SchRouter (FileId: 04B1ECDE-D277-4FF5-9239-E7FB73BA5D36, Size: 7082908)
25/05/2022 21:17:15:175( 1D44):    Publisher - Folder (FileId: D1A609AD-9C70-4CB5-AA53-08FE29FD0B21, Size: 7036129)
25/05/2022 21:17:15:175( 1D44):    DRC (FileId: EF8EDFED-6381-49F6-910A-C0D2D9AA36FE, Size: 6698946)
25/05/2022 21:17:15:175( 1D44):    Base_ComponentConfiguratorManager (FileId: 140F38B9-1AFD-4763-B0A3-D7521B90B61F, Size: 5877802)
25/05/2022 21:17:15:175( 1D44):    Vault - LibToVaultReleaser (FileId: D61EF1F0-72D5-4524-AE9B-C8F8705D4FAB, Size: 5875631)
25/05/2022 21:17:15:175( 1D44):    Base_PCBUtils - Pcbmaker (FileId: B06D7F4E-1118-4F07-BE69-FE8103834D8E, Size: 5236844)
25/05/2022 21:17:15:175( 1D44):    Base_PCB - Core3D (FileId: 7446986B-1593-4B89-800A-7BB65F437AD2, Size: 5012521)
25/05/2022 21:17:15:175( 1D44):    Base_Localization (FileId: 90C6B275-9B8D-4CFB-9BEC-65BC9D031EEF, Size: 5001939)
25/05/2022 21:17:15:175( 1D44):    BOM Output (FileId: E11EDE4C-5445-4AE2-A73F-A57712C88EFA, Size: 4916756)
25/05/2022 21:17:15:175( 1D44):    OUT_PcbDrawing (FileId: F21D134F-F6D9-4482-9FB3-4D3297863F00, Size: 4903315)
25/05/2022 21:17:15:175( 1D44):    MBAExportSTEP (FileId: F72CE6B0-0711-4FD7-BC9D-6757E709FD55, Size: 4857145)
25/05/2022 21:17:15:175( 1D44):    Base_Core - Generator_RESC (FileId: 9423D077-21DB-401A-A93F-49BFE5E90B4D, Size: 4816866)
25/05/2022 21:17:15:175( 1D44):    Base_Core - DXPSDK (FileId: EF1C2613-CA4E-428F-9889-70104B1ABDC8, Size: 4809640)
25/05/2022 21:17:15:175( 1D44):    Base_PCBUtils - Makelib (FileId: F59A96B4-583C-40BA-A3C2-30FE4A00FDEE, Size: 4802993)
25/05/2022 21:17:15:175( 1D44):    Vault - PartCatalog (FileId: 834EE336-2FB0-41F3-A92F-783255F1A137, Size: 4801626)
25/05/2022 21:17:15:175( 1D44):    Base_PCBUtils - Hsedit (FileId: 8B240F9B-FA8B-44F9-9BD8-947B14AF2593, Size: 4796268)
25/05/2022 21:17:15:175( 1D44):    EESof (FileId: 58B5E06F-534C-4A90-996C-DB88FE624534, Size: 4788809)
25/05/2022 21:17:15:175( 1D44):    PcadNetlist (FileId: 879A9B05-1B42-47D3-9439-FF6DF1C16A49, Size: 4776949)
25/05/2022 21:17:15:175( 1D44):    PADS_ASCII (FileId: 97776E6E-54D6-45BA-AA2A-505BCB9FB376, Size: 4735216)
25/05/2022 21:17:15:175( 1D44):    Racal (FileId: D31B65C4-D9BA-49B6-B4F3-23EACB86102B, Size: 4735159)
25/05/2022 21:17:15:175( 1D44):    Protel2 (FileId: B1F88C2A-564E-42AA-A74D-CB8F45FE8BF2, Size: 4734860)
25/05/2022 21:17:15:175( 1D44):    PCADnlt (FileId: 8055F2EF-3592-49E3-81A7-F93A3D323556, Size: 4734329)
25/05/2022 21:17:15:175( 1D44):    PCAD (FileId: ABD4905C-0591-4716-834B-829CE5EAA8B4, Size: 4734244)
25/05/2022 21:17:15:175( 1D44):    Intergraph (FileId: C2D11D9F-6025-4ACA-B7C8-9D8566324E48, Size: 4733939)
25/05/2022 21:17:15:175( 1D44):    OrcadPCB2 (FileId: 0C1D1EEC-A6A4-4EB7-B5C1-2AD625C96AE8, Size: 4733613)
25/05/2022 21:17:15:175( 1D44):    Tango (FileId: 53978B39-BEA3-4535-8721-54157826F31E, Size: 4733391)
25/05/2022 21:17:15:175( 1D44):    SimpleBOM (FileId: 62289D9A-A706-4D0B-A9D7-D4FFE0E9FE57, Size: 4729814)
25/05/2022 21:17:15:175( 1D44):    MultiWire (FileId: FADBCE27-F4FC-4372-A593-3948679EF148, Size: 4722938)
25/05/2022 21:17:15:175( 1D44):    ProtelNetlist (FileId: DF8C3149-EEED-4CC8-B34E-7DF22C8FDCC8, Size: 4721575)
25/05/2022 21:17:15:175( 1D44):    ReportHierarchy (FileId: 6FEDA9E3-E0AD-44E9-8FC5-5DD17A2F0AF8, Size: 4718569)
25/05/2022 21:17:15:175( 1D44):    EDIF (FileId: F27C6434-21D2-487D-8FFE-F393FAB3072A, Size: 4714721)
25/05/2022 21:17:15:175( 1D44):    SinglePinNetReporter (FileId: 3FFF3528-CEA9-484E-8127-4B5BC352D959, Size: 4713554)
25/05/2022 21:17:15:175( 1D44):    RINF (FileId: EA703E79-3C8D-4786-BDF3-F2ED4935FF84, Size: 4705141)
25/05/2022 21:17:15:175( 1D44):    Calay (FileId: 97CEA422-0E44-480F-82D6-C4D0D27D5C8F, Size: 4703925)
25/05/2022 21:17:15:175( 1D44):    Cadnetix (FileId: 3BFF93A1-8864-49A3-A523-3C8CEA9F6D9A, Size: 4703883)
25/05/2022 21:17:15:175( 1D44):    BoardStation (FileId: 7B9B4469-D2A2-47CC-AC10-C18F4FF4C2DA, Size: 4703681)
25/05/2022 21:17:15:175( 1D44):    Telesis (FileId: CA1069E8-1905-4383-8C17-F63A07A1DE8C, Size: 4703314)
25/05/2022 21:17:15:175( 1D44):    SciCards (FileId: 3E24EAB2-6129-4E20-BCD1-600DB0038D9F, Size: 4702972)
25/05/2022 21:17:15:175( 1D44):    WireList (FileId: C1FDF0D0-4291-4880-AB7D-A0F0DBE5E528, Size: 4702835)
25/05/2022 21:17:15:175( 1D44):    Script (FileId: E1184471-1EC2-4391-8717-8E0783922E31, Size: 4698217)
25/05/2022 21:17:15:175( 1D44):    Vault - DocumentReleaser (FileId: EF81756B-F264-44E7-9109-AA64648EE261, Size: 4670865)
25/05/2022 21:17:15:175( 1D44):    Base_PCBUtils - ArrangeComponents (FileId: 9B787CF9-61A8-4BE6-917E-0FDD698EC9FA, Size: 4640089)
25/05/2022 21:17:15:175( 1D44):    PCB Libraries (FileId: 11F0C15D-9F52-4462-92A0-91D1B674A300, Size: 4178371)
25/05/2022 21:17:15:175( 1D44):    OutJob - PDFA (FileId: 9404072A-EFE5-4444-983E-55600ABCA29F, Size: 4009136)
25/05/2022 21:17:15:175( 1D44):    Base_VersionControl (FileId: CAF5F661-1956-43B2-9411-D01B5F8D913C, Size: 3844420)
25/05/2022 21:17:15:175( 1D44):    PCB Templates (FileId: 07E0A60D-2C2F-4417-8944-ABEC63FEB907, Size: 3780650)
25/05/2022 21:17:15:175( 1D44):    VC 140 Runtime (FileId: FEC17EA7-073F-463E-ADF7-B65B8D9DD7B6, Size: 3641883)
25/05/2022 21:17:15:175( 1D44):    Base_Core - HelpAdvisor (FileId: 28444273-C489-473C-BE25-AB97C2FFDFD6, Size: 3573793)
25/05/2022 21:17:15:175( 1D44):    Base_Core - FileSystems (FileId: 29733007-6590-4F26-90BE-5F882058E37D, Size: 3502978)
25/05/2022 21:17:15:175( 1D44):    Base Module_Static (FileId: 910A042D-DB3B-485F-B7E8-91AFB893C08E, Size: 2114347)
25/05/2022 21:17:15:175( 1D44):    Base_Core - DxpPdfViewer (FileId: F4F2C2BF-E8A8-4160-AF42-F3FCAEAB6853, Size: 1938935)
25/05/2022 21:17:15:175( 1D44):    Base_PCBUtils - SpaceNavigator (FileId: 2AF8F56F-DF4F-4768-923F-221345187B96, Size: 1938628)
25/05/2022 21:17:15:175( 1D44):    Product Customization (FileId: E24A9F99-A9DD-4BC7-AA39-C89D54C343AD, Size: 1721898)
25/05/2022 21:17:15:175( 1D44):    ConstraintsManager (FileId: 43195F34-CD4F-45D9-B98E-15249038D7B1, Size: 1632397)
25/05/2022 21:17:15:175( 1D44):    Base_PCBUtils - PolyShapeSplitter (FileId: 20337819-6E47-41B8-9366-1B520088FDF9, Size: 1459791)
25/05/2022 21:17:15:175( 1D44):    VC 120 Runtime (FileId: D737E6CD-2D9D-4A9F-930B-4C5ECD9AB793, Size: 1341143)
25/05/2022 21:17:15:175( 1D44):    InteractiveProperties (FileId: 6097DE99-00CB-4269-916C-A18783989036, Size: 1161697)
25/05/2022 21:17:15:175( 1D44):    Base_Core - Other (FileId: 09474E37-0122-43E4-A2A6-E0692E3EE0A1, Size: 1145952)
25/05/2022 21:17:15:175( 1D44):    LayerStackManager (FileId: 2326B9A3-8CB3-41DD-B288-F6FDDB4F3B81, Size: 1129397)
25/05/2022 21:17:15:175( 1D44):    Data.Dimensional (FileId: 1AA990AC-C9A1-4880-BFBF-D6F08F6DDC81, Size: 763135)
25/05/2022 21:17:15:175( 1D44):    AFSSDK (FileId: 434972D4-8A84-465D-BD76-B6945B51DCB8, Size: 695508)
25/05/2022 21:17:15:175( 1D44):    Base_SchUtils - Cairo (FileId: C5745875-EC71-4F12-B98F-18119300B5D1, Size: 673174)
25/05/2022 21:17:15:175( 1D44):    SystemDesign (FileId: 44C8BE17-2DDB-43AF-A772-D52FF215D268, Size: 620625)
25/05/2022 21:17:15:175( 1D44):    PartSearch (FileId: E5CCC8F1-7AFC-498A-AA04-C6134FD6C813, Size: 399247)
25/05/2022 21:17:15:175( 1D44):    ActiveBOM (FileId: 28FAC3E8-0487-4CE8-81C6-8FB24EEEF674, Size: 347189)
25/05/2022 21:17:15:175( 1D44):    LibraryMigrator (FileId: 2D96725D-0E89-4CA6-9A38-87CB76171B87, Size: 335635)
25/05/2022 21:17:15:175( 1D44):    ComponentSearch (FileId: FE5BB595-F6C7-4451-833F-036A333E0F65, Size: 328450)
25/05/2022 21:17:15:175( 1D44):    Search.Common (FileId: 141AC52F-DB76-4698-8C62-85F2FCAA3BE1, Size: 293251)
25/05/2022 21:17:15:175( 1D44):    ProjectDialogs (FileId: 1D8CBFB8-EEA1-4E6D-9D9A-2EDD601332CE, Size: 261243)
25/05/2022 21:17:15:175( 1D44):    Base_CommentsViewer (FileId: 8DC26BD5-ADC2-4DA9-AD17-344292F37680, Size: 252720)
25/05/2022 21:17:15:175( 1D44):    DocumentViews (FileId: D11FB8DD-5143-401F-8982-689A99595CBC, Size: 241544)
25/05/2022 21:17:15:175( 1D44):    PdfSharp (FileId: 200F2F80-B4F2-4D16-8CE7-C13177F30C00, Size: 220251)
25/05/2022 21:17:15:175( 1D44):    BOM (FileId: A6D9CC3C-AE4A-4BEA-A5DA-C1758F1EA098, Size: 219406)
25/05/2022 21:17:15:175( 1D44):    Infrastructure (FileId: 7C938DB6-F2DA-433E-8212-25185D6CF9EB, Size: 190230)
25/05/2022 21:17:15:175( 1D44):    ExtensibleLibraries (FileId: 37D0FE38-9115-4A76-96D5-24EC85C607D4, Size: 168932)
25/05/2022 21:17:15:175( 1D44):    Base_PCB - LayerStackManager (FileId: 0741F5FE-5C6D-4757-9DDC-B57503955055, Size: 167696)
25/05/2022 21:17:15:175( 1D44):    Signal Integrity and Simulation Libraries (FileId: C878EB99-2A58-4CB8-8C03-DA067F47A84A, Size: 88981)
25/05/2022 21:17:15:175( 1D44):    BOM Export (FileId: 7893C903-2CE0-454E-871B-0102327FC23A, Size: 87755)
25/05/2022 21:17:15:175( 1D44):    FPGA Pin Mapper (FileId: 4954A289-F7C7-46FB-9D9F-2CFAAAD6933D, Size: 84872)
25/05/2022 21:17:15:175( 1D44):    PartCatalog.Common (FileId: 63196BED-D0C1-44D7-B710-25DDE85C87E5, Size: 71678)
25/05/2022 21:17:15:175( 1D44):    MaterialLibrary (FileId: ED56B2F8-682A-4379-9054-71C698D761F5, Size: 45921)
25/05/2022 21:17:15:175( 1D44):    edp.ui (FileId: 3D6A31CC-9B08-4914-985E-E1FFD7A16FDE, Size: 31777)
25/05/2022 21:17:15:175( 1D44):    ServerViews (FileId: 9488BE27-5924-460E-A6A2-6D994CEA68CF, Size: 29756)
25/05/2022 21:17:15:175( 1D44):    Base_PCBUtils - Camtastic (FileId: 20DCB663-3977-4DC6-8EFD-42CB17B095C4, Size: 25405)
25/05/2022 21:17:15:175( 1D44):    Base_Core - WebAppHost (FileId: 9E390A0B-4825-4718-B588-DAAB2C240F7B, Size: 19383)
25/05/2022 21:17:15:175( 1D44):    Personalization (FileId: 7B8371FE-C114-4FDB-A213-264994B14A54, Size: 13978)
25/05/2022 21:17:15:175( 1D44):    Engagement (FileId: 87AC7A9D-A472-4A3D-91F9-431C40278B8F, Size: 8030)
25/05/2022 21:17:15:175( 1D44):    Vault - ClientWebSocketWrapper (FileId: D461425F-120C-4946-80D0-FAEE8267CA0E, Size: 5425)
25/05/2022 21:17:15:175( 1D44):    Base_Core - Dimensional_Edms (FileId: E23F8E47-6F0D-40F1-A198-C24F4BAA36E9, Size: 4410)
25/05/2022 21:17:15:175( 1D44):    ReportComponents (FileId: 12CF305F-A804-46F5-925A-33DD74E08976, Size: 469)
25/05/2022 21:17:15:175( 1D44):    ExportSTEP (FileId: 41E106B0-4E0A-43EF-9EA5-8B0F9B8F6B39, Size: 467)
25/05/2022 21:17:15:175( 1D44):    ReportPrint (FileId: 5FD184B4-89CC-4838-8061-66CF83CCF71E, Size: 391)
25/05/2022 21:17:15:175( 1D44):  Analyze extensions
25/05/2022 21:17:15:175( 1D44):  Extensions to remove:
25/05/2022 21:17:15:175( 1D44):    (None)
25/05/2022 21:17:15:175( 1D44):  Extensions to install:
25/05/2022 21:17:15:175( 1D44):    IPC Footprint Generator (Version: latest, ApproxSize: 32470052)
25/05/2022 21:17:15:175( 1D44):    Signal Integrity Analysis (Version: latest, ApproxSize: 27105221)
25/05/2022 21:17:15:175( 1D44):    Vcs_SVN_Unicode (Version: latest, ApproxSize: 22983073)
25/05/2022 21:17:15:175( 1D44):    Draftsman (Version: latest, ApproxSize: 16283462)
25/05/2022 21:17:15:175( 1D44):    CMPTEditor (Version: latest, ApproxSize: 12699232)
25/05/2022 21:17:15:175( 1D44):    VaultExplorer (Version: latest, ApproxSize: 9166972)
25/05/2022 21:17:15:175( 1D44):    ProductImprovementProgram (Version: latest, ApproxSize: 8189355)
25/05/2022 21:17:15:175( 1D44):    EXPORT3D (Version: latest, ApproxSize: 8035553)
25/05/2022 21:17:15:175( 1D44):    ProjectHistory (Version: latest, ApproxSize: 7328298)
25/05/2022 21:17:15:175( 1D44):    SingleComponentEditor (Version: latest, ApproxSize: 6774640)
25/05/2022 21:17:15:175( 1D44):    Vcs_Git_Unicode (Version: latest, ApproxSize: 4432061)
25/05/2022 21:17:15:175( 1D44):    ActiveRoute (Version: latest, ApproxSize: 4290378)
25/05/2022 21:17:15:175( 1D44):    CoDesigner Panel (Version: latest, ApproxSize: 3475778)
25/05/2022 21:17:15:175( 1D44):    IPC2581 (Version: latest, ApproxSize: 2093384)
25/05/2022 21:17:15:175( 1D44):    SchLibGenerationTool (Version: latest, ApproxSize: 730270)
25/05/2022 21:17:15:175( 1D44):    ComponentFromSupplierSearch (Version: latest, ApproxSize: 79683)
25/05/2022 21:17:15:175( 1D44):  Product: Altium Designer
25/05/2022 21:17:15:175( 1D44):  Version: 20.2.5.213
25/05/2022 21:17:15:175( 1D44):  Initializing user interface
25/05/2022 21:17:15:191( 1D44):  Load existing installations
25/05/2022 21:17:15:191( 1D44):  Installations loaded: 0
25/05/2022 21:17:15:191( 1D44):  Starting wizard
25/05/2022 21:17:15:244( 1D44):  Suspend installation
25/05/2022 21:17:15:244( 1D44):  Installer extension: CheckPrerequisites
25/05/2022 21:17:15:244( 1D44):  Resume installation
25/05/2022 21:17:15:244( 1D44):  EULA download not required
25/05/2022 21:17:15:244( 1D44):  EULA archive found: D:\eula.zip
25/05/2022 21:17:19:959( 1D44):  Prepare packages (PredictExtensionsInstallSize: True)
25/05/2022 21:17:19:959( 1D44):  Analyze components
25/05/2022 21:17:19:959( 1D44):  Analyze packages
25/05/2022 21:17:19:959( 1D44):  Packages to remove:
25/05/2022 21:17:19:959( 1D44):    (None)
25/05/2022 21:17:19:959( 1D44):  Packages to install:
25/05/2022 21:17:19:959( 1D44):    Examples (FileId: 9F00EDA8-5C2E-49F6-9F75-AF67EA7A4E5B, Size: 137439135)
25/05/2022 21:17:19:959( 1D44):    Base_PCB (FileId: 2E74828B-8EF2-410F-BC5E-A0875E74ADF8, Size: 91868605)
25/05/2022 21:17:19:959( 1D44):    Base_Core_Static (FileId: 7DD4F9A4-84E1-4192-96BB-2393D6D4AF31, Size: 78790226)
25/05/2022 21:17:19:959( 1D44):    Base_WorkspaceManager (FileId: 9387B46F-0074-47AF-A2E8-EFE3D163FFE9, Size: 77980807)
25/05/2022 21:17:19:959( 1D44):    Chromium Static (FileId: D57B0FF5-997A-409C-8765-2CB55968F5A1, Size: 70920210)
25/05/2022 21:17:19:959( 1D44):    NET_Framework (FileId: 4A33B8F1-C341-4A18-8FEC-A3D7F6A6663B, Size: 67588653)
25/05/2022 21:17:19:959( 1D44):    Vault - VaultExplorer (FileId: 37B0EEEA-942E-40CD-9213-32B264FAAD87, Size: 46492302)
25/05/2022 21:17:19:959( 1D44):    Base_PCBUtils_Static (FileId: 2FAE7EDD-E193-4E1E-A3B1-4F2DD9964E68, Size: 43861201)
25/05/2022 21:17:19:959( 1D44):    Base_Core (FileId: 4DAAEE2D-E229-4015-8AF2-4AC553F6A320, Size: 32684235)
25/05/2022 21:17:19:959( 1D44):    Rtl.net Controls (FileId: 3697A009-BC20-4F0A-9692-2FFA2D2BB825, Size: 31850759)
25/05/2022 21:17:19:959( 1D44):    TeighaX (FileId: 36658785-B7C9-4113-8850-97BC322CDDB4, Size: 21993096)
25/05/2022 21:17:19:959( 1D44):    Base_PCBUtils - CAMdlgs (FileId: 4E925511-E234-444A-8327-F8E8AD039483, Size: 19896615)
25/05/2022 21:17:19:959( 1D44):    Base_PCB - PcbDlgs (FileId: 5AA92755-EE32-4396-9E9D-40A4CCF71B4E, Size: 19363765)
25/05/2022 21:17:19:959( 1D44):    Base_MultiBoardAssembly (FileId: 91410AD8-650A-4FFC-856F-64FB38CB2FDC, Size: 18859015)
25/05/2022 21:17:19:959( 1D44):    Base_Sch (FileId: 7EE0E008-28CB-4E6F-B90F-FAAA850C6F63, Size: 18603335)
25/05/2022 21:17:19:959( 1D44):    Base_PCB - Gloss (FileId: 164B975A-12AD-4C42-88F5-3FACE201B70B, Size: 16488101)
25/05/2022 21:17:19:959( 1D44):    Gerber (FileId: AD8891B9-DB82-4F57-A1B1-EE5E0FE3E114, Size: 16386369)
25/05/2022 21:17:19:959( 1D44):    Base_GUI (FileId: A3022CF2-D111-4624-8064-30FFB6700B35, Size: 15100246)
25/05/2022 21:17:19:959( 1D44):    Base_EditScript (FileId: 4153C167-21AC-40F4-9AA7-514B3ADF6F31, Size: 15065286)
25/05/2022 21:17:19:959( 1D44):    Base_ScriptingSystem (FileId: 53A6AE47-2859-4DA4-A24D-E2F8F2772FF4, Size: 14104146)
25/05/2022 21:17:19:959( 1D44):    AltiumPCB Exporter (FileId: 63806625-D4C3-4559-A24B-6D8511DBAF4D, Size: 13368147)
25/05/2022 21:17:19:959( 1D44):    Importer_Expedition (FileId: 402631AF-B1A3-4916-AE69-D7B512930B4B, Size: 12235915)
25/05/2022 21:17:19:959( 1D44):    OUT_UniExporter (FileId: 63FAA7E4-6911-40CB-B440-31BEE1B4F103, Size: 12130705)
25/05/2022 21:17:19:959( 1D44):    Vault - EDesignData (FileId: 95F3FB8E-5A82-485A-86BD-B04F05233B36, Size: 10783712)
25/05/2022 21:17:19:959( 1D44):    Vault - UnifiedComponent (FileId: BE15EAF2-A216-450A-8518-974793D272E6, Size: 10484358)
25/05/2022 21:17:19:959( 1D44):    Vault - EDMSInterface (FileId: F38FF418-D1B9-4CA5-88A8-4F4644210573, Size: 9889204)
25/05/2022 21:17:19:959( 1D44):    DiffReport (FileId: 9893FAF4-6795-4F82-8696-70D91AAD6F54, Size: 9647475)
25/05/2022 21:17:19:959( 1D44):    Base_ReportGenerator (FileId: 4DB5424E-EABC-4134-8A51-F1CED68B95D9, Size: 9544665)
25/05/2022 21:17:19:959( 1D44):    Vault - VaultReleaser (FileId: 205B263B-4AB9-445B-8C91-48BF8406047B, Size: 9401424)
25/05/2022 21:17:19:959( 1D44):    ERC (FileId: 85E78658-88F5-44B9-BD12-88FD930494A6, Size: 9320261)
25/05/2022 21:17:19:959( 1D44):    Base_PCB - BoardStackReport (FileId: 60631BDD-A84B-484F-A520-418DA496CA67, Size: 9247626)
25/05/2022 21:17:19:959( 1D44):    Base_PCBUtils - Tds_File (FileId: 64955BA0-8F92-48E5-8867-5A3A3845B09C, Size: 9176628)
25/05/2022 21:17:19:959( 1D44):    Base_IntegratedLibrary (FileId: FCE15719-B60A-4A05-A949-9D0523C37F83, Size: 9048263)
25/05/2022 21:17:19:959( 1D44):    Base_Core - EDPSDK (FileId: 52EA5BD8-75AF-4D38-8E01-42064B5D6AEE, Size: 8823265)
25/05/2022 21:17:19:959( 1D44):    Odb (FileId: 8EEFE76F-2DE7-48D2-A0AB-809F0F7F0333, Size: 8538272)
25/05/2022 21:17:19:959( 1D44):    Importer_99SE (FileId: 49455F2E-4E70-42F0-B471-F223D6C52F3C, Size: 8468831)
25/05/2022 21:17:19:959( 1D44):    Importer - Allegro (FileId: 6A14C5F0-FFD3-4E7A-A81C-7A8EA4623833, Size: 8335597)
25/05/2022 21:17:19:959( 1D44):    Base_EditReport (FileId: F881FD83-3D96-4958-996E-48A9D768176E, Size: 8222330)
25/05/2022 21:17:19:959( 1D44):    Importer_Accel (FileId: 5BB9DE58-470F-4130-81F7-F120ABC80FFE, Size: 8201933)
25/05/2022 21:17:19:959( 1D44):    Base_Core - EditConstraints (FileId: AB2C3787-38B2-4C74-A508-0181D5885389, Size: 8166316)
25/05/2022 21:17:19:959( 1D44):    Importer_EAGLE (FileId: AAC84417-B8D0-4591-9733-D1109B970AF2, Size: 8162600)
25/05/2022 21:17:19:959( 1D44):    Base_SchUtils - SimSupport (FileId: 6F2ED3FA-DC9B-4C6F-9C78-624FA8BFB3DD, Size: 8138859)
25/05/2022 21:17:19:959( 1D44):    Importer_PADS (FileId: 2B587F54-B11E-46A6-AF19-81DE58C61449, Size: 8134409)
25/05/2022 21:17:19:959( 1D44):    Base_Core - ExtensionManager (FileId: 6005E983-A7EC-43C5-A578-69A526E35A90, Size: 8124667)
25/05/2022 21:17:19:959( 1D44):    Base_Core - TextEdit (FileId: 32F7F0BC-D977-4554-929E-5801EE5DB05D, Size: 8112136)
25/05/2022 21:17:19:959( 1D44):    PcbPrint (FileId: 29F00102-BF0C-4CCF-8D67-8EA5A6ED43C0, Size: 8088915)
25/05/2022 21:17:19:959( 1D44):    Base_PCBUtils - Routecct (FileId: 971F09BB-F5FD-4929-AAF0-F7256E3BABEC, Size: 8027147)
25/05/2022 21:17:19:959( 1D44):    Base_SchUtils - XW_Diode (FileId: B32BE77D-BB19-4F39-B957-F207AFA4C8BE, Size: 8016595)
25/05/2022 21:17:19:959( 1D44):    Base_SchUtils - SimView (FileId: 5FA2945F-FEFD-48DE-BC16-FA6028782CED, Size: 7964698)
25/05/2022 21:17:19:959( 1D44):    Exporter_IDF (FileId: A7757EED-EF33-474B-BB7B-CCC2895C0B3B, Size: 7964488)
25/05/2022 21:17:19:959( 1D44):    Base_SchUtils - EditSim (FileId: 42C1A08C-D664-4DB6-AA67-FBD8FA605683, Size: 7951678)
25/05/2022 21:17:19:959( 1D44):    Vault - Altium (FileId: BEFAB24E-A335-4189-BB62-E521005FCD96, Size: 7941413)
25/05/2022 21:17:19:959( 1D44):    Importer - CM2000 (FileId: 8ECCEF1E-A647-4162-A007-F513576D144C, Size: 7900780)
25/05/2022 21:17:19:959( 1D44):    Base_PCBUtils - PCB3D (FileId: A6B80814-9AB5-431A-82A1-5451FE065B41, Size: 7883348)
25/05/2022 21:17:19:959( 1D44):    Base_SchUtils - XW_TransistorBJT (FileId: 6B926BF1-6415-4C78-9719-5A6DDD4ADC2D, Size: 7859482)
25/05/2022 21:17:19:959( 1D44):    Orcad7ld (FileId: 517DD50D-CBF9-49E1-B5D5-9EAF7C0693F7, Size: 7846903)
25/05/2022 21:17:19:959( 1D44):    Importer_CADSTAR (FileId: 795C5431-181F-4B4F-8467-DBD81497C23E, Size: 7839991)
25/05/2022 21:17:19:959( 1D44):    ExportIDF (FileId: 728198C6-047D-4237-8569-13EC26C0440F, Size: 7815830)
25/05/2022 21:17:19:959( 1D44):    PickPlace (FileId: F097C8DF-5FF0-49F6-B391-CBB140AAD81B, Size: 7803449)
25/05/2022 21:17:19:959( 1D44):    Base_PinSwapper (FileId: 331EB7E6-D5D4-483A-8E2E-16204B62F35E, Size: 7789711)
25/05/2022 21:17:19:959( 1D44):    Base_LibraryInterface (FileId: A4C58F3B-E375-411E-8A4B-63F06E9E4456, Size: 7775979)
25/05/2022 21:17:19:959( 1D44):    Base_ImporterManager (FileId: 5373BD05-F6B8-4D2B-A4CC-532DCAE90E69, Size: 7755400)
25/05/2022 21:17:19:959( 1D44):    Importer_OrCAD (FileId: 78EE6F28-24A3-449F-940C-4F0940239479, Size: 7728225)
25/05/2022 21:17:19:959( 1D44):    Importer_IDF (FileId: 561226C8-DB66-4FC6-9E2F-17A74A89A831, Size: 7727537)
25/05/2022 21:17:19:959( 1D44):    SchPrint (FileId: 4170A3C5-5EBA-4F7D-97DD-0705213713D9, Size: 7688886)
25/05/2022 21:17:19:959( 1D44):    Vault - FolderReleaserMigrationTools (FileId: 4D9A8377-AB79-4D22-9ACD-950009DA26AF, Size: 7687705)
25/05/2022 21:17:19:959( 1D44):    Base_AltiumPortalCache (FileId: A3938E4E-0988-4F7D-87E4-5EC3B270EC1F, Size: 7680543)
25/05/2022 21:17:19:959( 1D44):    Importer_DxDesigner (FileId: 06453451-6F03-48C6-8BC9-A130DA026FE4, Size: 7675522)
25/05/2022 21:17:19:959( 1D44):    Exporter_DXF (FileId: BDF3519C-211D-405A-A95E-297E3592A7E4, Size: 7655256)
25/05/2022 21:17:19:959( 1D44):    Base_SchUtils - XW_TransmissionLine_Lossy (FileId: 787A1E9C-683C-4EB6-B98C-A7C98645C574, Size: 7632956)
25/05/2022 21:17:19:959( 1D44):    Importer - PADSOrcad (FileId: 0129E665-3E25-4EEB-89E2-B2B689D9591C, Size: 7630420)
25/05/2022 21:17:19:959( 1D44):    Base_SchUtils - XW_SwitchCurrentControlled (FileId: 3D4504BD-F6BF-4928-ADB8-ED1AD2B6917A, Size: 7630018)
25/05/2022 21:17:19:959( 1D44):    Base_SchUtils - XW_SwitchVoltageControlled.dll (FileId: D24E015A-CDF4-4C3B-A415-6BD4CE709C15, Size: 7629738)
25/05/2022 21:17:19:959( 1D44):    Base_SchUtils - XW_SemiconductorResistor (FileId: 4ADA76D2-1483-4F65-BBD4-85D6C8A23048, Size: 7628594)
25/05/2022 21:17:19:959( 1D44):    Base_SchUtils - XW_SemiconductorCapacitor (FileId: FAFB06A5-B269-4C83-A509-4C6BF9DAF789, Size: 7628384)
25/05/2022 21:17:19:959( 1D44):    Base_SchUtils - XW_TransmissionLine_URC (FileId: B37EAF3A-31A2-46AC-8BA1-DE9200CF3D5D, Size: 7628318)
25/05/2022 21:17:19:959( 1D44):    Drill (FileId: 4793A0E5-AFDD-4987-AD9F-C7F7F93F970C, Size: 7602589)
25/05/2022 21:17:19:959( 1D44):    Base_Core - SiSupport (FileId: 607A3EFA-55CE-4BE6-B99D-BC48019A881C, Size: 7597695)
25/05/2022 21:17:19:959( 1D44):    Base_Core - AcquisitionManager (FileId: 6EC3CC1A-D6D0-4CD5-9A2B-EF2C98B342FC, Size: 7593573)
25/05/2022 21:17:19:959( 1D44):    Testpoint (FileId: 46BF2753-B439-462B-B834-A7FF9515DD3F, Size: 7591589)
25/05/2022 21:17:19:959( 1D44):    ImporterExporter_Specctra (FileId: 2A9991F6-5782-42BF-9481-09A5C7ABF2AA, Size: 7577075)
25/05/2022 21:17:19:959( 1D44):    Importer_PCADASCII (FileId: 6CBDEA17-5BF5-4F98-A7AC-63573606F22A, Size: 7558973)
25/05/2022 21:17:19:959( 1D44):    Importer_OrcadSDT (FileId: 15CC603B-5B10-44B3-BCD0-C88DD67A0218, Size: 7558550)
25/05/2022 21:17:19:959( 1D44):    SchDwgUtility (FileId: 2B85C195-2D7B-4C1E-8CC8-05357F7959D5, Size: 7557236)
25/05/2022 21:17:19:959( 1D44):    UpdateFromPCBLibraries (FileId: A9101BE6-D83F-4F51-9D09-5FCFA751552D, Size: 7541964)
25/05/2022 21:17:19:959( 1D44):    Publisher - S3 (FileId: 84F697DA-86C5-4987-BF9C-CAA91842B238, Size: 7541765)
25/05/2022 21:17:19:959( 1D44):    Vault - FolderReleaser (FileId: F584DE6D-C339-4928-A65E-261A3C8C59A2, Size: 7523634)
25/05/2022 21:17:19:959( 1D44):    Out_Environment (FileId: B98919BF-A351-44F3-A1D9-FA34C92D795B, Size: 7492386)
25/05/2022 21:17:19:959( 1D44):    Exporter_PCAD_ASCII (FileId: 9A5B413C-A090-4FC8-951D-9F5B76E68AC3, Size: 7492275)
25/05/2022 21:17:19:959( 1D44):    SimView (FileId: E2E4E026-E2DF-41E4-90FF-A139C6AB2DE9, Size: 7466424)
25/05/2022 21:17:19:959( 1D44):    ComponentMaker_Capacitor (FileId: CB3DB637-4DEB-42BA-8C80-1B839FCDB744, Size: 7455949)
25/05/2022 21:17:19:959( 1D44):    OutputerComponentState (FileId: EFB8FA06-2ADD-436B-BC13-2739F9BDDA46, Size: 7455784)
25/05/2022 21:17:19:959( 1D44):    ComponentMaker_STPGA (FileId: 3D9E6ECA-9A95-4B45-9683-F7D16351C8C6, Size: 7452414)
25/05/2022 21:17:19:959( 1D44):    Out_NonNativeFiles (FileId: B252F381-5B93-4278-8D2E-FD30A3D0EEB3, Size: 7444100)
25/05/2022 21:17:19:959( 1D44):    ComponentMaker_STBGA (FileId: 2C85B0AD-E876-4620-B196-B7DD5D43F68F, Size: 7437282)
25/05/2022 21:17:19:959( 1D44):    ComponentMaker_PGA (FileId: 56519277-B4BA-468F-8E1B-69C8049E1735, Size: 7435931)
25/05/2022 21:17:19:959( 1D44):    Importer_DXF (FileId: 543FE497-760A-4BBC-8FDD-72B73C80CCBE, Size: 7434032)
25/05/2022 21:17:19:959( 1D44):    ComponentMaker_DIP (FileId: BC4500FB-687B-4CCB-83B2-C0EEB1818776, Size: 7425371)
25/05/2022 21:17:19:959( 1D44):    ComponentMaker_BGA (FileId: 06D1BF4E-03FB-40FE-B881-7A2E24A6EDFE, Size: 7413331)
25/05/2022 21:17:19:959( 1D44):    Exporter_PCADASCII (FileId: DEBA99E0-0D09-42D4-A8E2-6EEBCA06005A, Size: 7408948)
25/05/2022 21:17:19:959( 1D44):    Base_PCBUtils - Compmake (FileId: B7DC9D2D-591D-4FB7-9C23-D0482C509929, Size: 7408175)
25/05/2022 21:17:19:959( 1D44):    Importer_TangoPCBASCII (FileId: 85CAA080-F41D-489D-AD9A-96787D321633, Size: 7406583)
25/05/2022 21:17:19:959( 1D44):    ComponentMaker_Diode (FileId: 97C26811-6FD7-458B-899F-CF39151897A4, Size: 7406524)
25/05/2022 21:17:19:959( 1D44):    ComponentMaker_RES (FileId: 867AE4DD-6A97-4D1F-9B32-FDF145EF253A, Size: 7404366)
25/05/2022 21:17:19:959( 1D44):    ComponentMaker_QUAD (FileId: 84E23DC6-9266-4140-89F0-28E3FE9F9594, Size: 7400397)
25/05/2022 21:17:19:959( 1D44):    ComponentMaker_SO (FileId: E742D8AE-DEAA-4953-A841-D22B979C3135, Size: 7398400)
25/05/2022 21:17:19:959( 1D44):    ComponentMaker_LCC (FileId: C428FDBD-526B-4503-8782-875171649810, Size: 7390034)
25/05/2022 21:17:19:959( 1D44):    ComponentMaker_EdgeConnector (FileId: 8AEBC504-7B44-4BBA-85BA-73C32FB9538A, Size: 7380705)
25/05/2022 21:17:19:959( 1D44):    Exporter_Ansoft (FileId: 089419B2-90B2-4AB5-9160-4BA47AB589CB, Size: 7380463)
25/05/2022 21:17:19:959( 1D44):    AdvPcb3DPrint (FileId: D652A1E7-96C2-4944-A5FD-80B87F2F7080, Size: 7345390)
25/05/2022 21:17:19:959( 1D44):    Importer_PDIF (FileId: 9BF054FF-7AA3-4FE4-A0A9-5748BAF3F8FF, Size: 7345177)
25/05/2022 21:17:19:959( 1D44):    Publisher - BoxNet (FileId: A4BE48CB-DD39-49FE-8B13-E8CFF000C0E1, Size: 7335400)
25/05/2022 21:17:19:959( 1D44):    Exporter_Hyperlynx (FileId: 359F73F2-764B-477E-8B33-DABB3C3E0782, Size: 7319526)
25/05/2022 21:17:19:959( 1D44):    AdvPcb3DVideo (FileId: A574E992-B95C-465D-B259-19FF8DB025AD, Size: 7288616)
25/05/2022 21:17:19:959( 1D44):    Importer - ProtelPCB2.8ASCII (FileId: F5F9EC3A-69B6-429F-A180-04FE6B601092, Size: 7279738)
25/05/2022 21:17:19:959( 1D44):    Importer_ProtelPcbBinary (FileId: 399F652E-810C-4352-875F-7EC3380E55A0, Size: 7278106)
25/05/2022 21:17:19:959( 1D44):    TextPrint (FileId: 940E13D2-7256-4D6C-8ABA-29391275DB71, Size: 7277468)
25/05/2022 21:17:19:959( 1D44):    Exporter_Protel_28_ASCII (FileId: 8258F508-9674-4636-A6E5-15F35D4C2835, Size: 7261580)
25/05/2022 21:17:19:959( 1D44):    Importer_Gerber (FileId: 1DCC615D-80D8-40B8-A38D-371CDB82687B, Size: 7259963)
25/05/2022 21:17:19:959( 1D44):    SchNetlist (FileId: 12ACDEF4-2A01-4E71-9D70-CEC26E05E4D7, Size: 7253597)
25/05/2022 21:17:19:959( 1D44):    Importer_Autotrax (FileId: 45072E24-F093-4104-A320-5961DD57007D, Size: 7246489)
25/05/2022 21:17:19:959( 1D44):    ImporterProtelPCB3 (FileId: 62643825-E198-4CAD-B4BD-2B75234E9530, Size: 7245662)
25/05/2022 21:17:19:959( 1D44):    Importer_GerberBatch (FileId: 4AF6E929-42B9-40E1-B1D7-D902B01A43CB, Size: 7225765)
25/05/2022 21:17:19:959( 1D44):    Importer_OrcadCIS (FileId: 07E185D4-E9F8-43B2-BBEF-C7DB686096F8, Size: 7215252)
25/05/2022 21:17:19:959( 1D44):    Exporter_SISOFT (FileId: 940C7EE0-B813-410E-8462-5725E646DA4D, Size: 7181503)
25/05/2022 21:17:19:959( 1D44):    AltiumPCB Importer (FileId: 1594B1CC-4FCD-40A1-A049-D4E3A6FF222C, Size: 7142823)
25/05/2022 21:17:19:959( 1D44):    Publisher - FTP (FileId: 3ED4B5DE-3F05-410A-824A-C464631544D1, Size: 7128650)
25/05/2022 21:17:19:959( 1D44):    Base_SchUtils - SchRouter (FileId: 04B1ECDE-D277-4FF5-9239-E7FB73BA5D36, Size: 7082908)
25/05/2022 21:17:19:959( 1D44):    Publisher - Folder (FileId: D1A609AD-9C70-4CB5-AA53-08FE29FD0B21, Size: 7036129)
25/05/2022 21:17:19:959( 1D44):    DRC (FileId: EF8EDFED-6381-49F6-910A-C0D2D9AA36FE, Size: 6698946)
25/05/2022 21:17:19:959( 1D44):    Base_ComponentConfiguratorManager (FileId: 140F38B9-1AFD-4763-B0A3-D7521B90B61F, Size: 5877802)
25/05/2022 21:17:19:959( 1D44):    Vault - LibToVaultReleaser (FileId: D61EF1F0-72D5-4524-AE9B-C8F8705D4FAB, Size: 5875631)
25/05/2022 21:17:19:959( 1D44):    Base_PCBUtils - Pcbmaker (FileId: B06D7F4E-1118-4F07-BE69-FE8103834D8E, Size: 5236844)
25/05/2022 21:17:19:959( 1D44):    Base_PCB - Core3D (FileId: 7446986B-1593-4B89-800A-7BB65F437AD2, Size: 5012521)
25/05/2022 21:17:19:959( 1D44):    Base_Localization (FileId: 90C6B275-9B8D-4CFB-9BEC-65BC9D031EEF, Size: 5001939)
25/05/2022 21:17:19:959( 1D44):    BOM Output (FileId: E11EDE4C-5445-4AE2-A73F-A57712C88EFA, Size: 4916756)
25/05/2022 21:17:19:959( 1D44):    OUT_PcbDrawing (FileId: F21D134F-F6D9-4482-9FB3-4D3297863F00, Size: 4903315)
25/05/2022 21:17:19:959( 1D44):    MBAExportSTEP (FileId: F72CE6B0-0711-4FD7-BC9D-6757E709FD55, Size: 4857145)
25/05/2022 21:17:19:959( 1D44):    Base_Core - Generator_RESC (FileId: 9423D077-21DB-401A-A93F-49BFE5E90B4D, Size: 4816866)
25/05/2022 21:17:19:959( 1D44):    Base_Core - DXPSDK (FileId: EF1C2613-CA4E-428F-9889-70104B1ABDC8, Size: 4809640)
25/05/2022 21:17:19:959( 1D44):    Base_PCBUtils - Makelib (FileId: F59A96B4-583C-40BA-A3C2-30FE4A00FDEE, Size: 4802993)
25/05/2022 21:17:19:959( 1D44):    Vault - PartCatalog (FileId: 834EE336-2FB0-41F3-A92F-783255F1A137, Size: 4801626)
25/05/2022 21:17:19:959( 1D44):    Base_PCBUtils - Hsedit (FileId: 8B240F9B-FA8B-44F9-9BD8-947B14AF2593, Size: 4796268)
25/05/2022 21:17:19:959( 1D44):    EESof (FileId: 58B5E06F-534C-4A90-996C-DB88FE624534, Size: 4788809)
25/05/2022 21:17:19:959( 1D44):    PcadNetlist (FileId: 879A9B05-1B42-47D3-9439-FF6DF1C16A49, Size: 4776949)
25/05/2022 21:17:19:959( 1D44):    PADS_ASCII (FileId: 97776E6E-54D6-45BA-AA2A-505BCB9FB376, Size: 4735216)
25/05/2022 21:17:19:959( 1D44):    Racal (FileId: D31B65C4-D9BA-49B6-B4F3-23EACB86102B, Size: 4735159)
25/05/2022 21:17:19:959( 1D44):    Protel2 (FileId: B1F88C2A-564E-42AA-A74D-CB8F45FE8BF2, Size: 4734860)
25/05/2022 21:17:19:959( 1D44):    PCADnlt (FileId: 8055F2EF-3592-49E3-81A7-F93A3D323556, Size: 4734329)
25/05/2022 21:17:19:959( 1D44):    PCAD (FileId: ABD4905C-0591-4716-834B-829CE5EAA8B4, Size: 4734244)
25/05/2022 21:17:19:959( 1D44):    Intergraph (FileId: C2D11D9F-6025-4ACA-B7C8-9D8566324E48, Size: 4733939)
25/05/2022 21:17:19:959( 1D44):    OrcadPCB2 (FileId: 0C1D1EEC-A6A4-4EB7-B5C1-2AD625C96AE8, Size: 4733613)
25/05/2022 21:17:19:959( 1D44):    Tango (FileId: 53978B39-BEA3-4535-8721-54157826F31E, Size: 4733391)
25/05/2022 21:17:19:959( 1D44):    SimpleBOM (FileId: 62289D9A-A706-4D0B-A9D7-D4FFE0E9FE57, Size: 4729814)
25/05/2022 21:17:19:959( 1D44):    MultiWire (FileId: FADBCE27-F4FC-4372-A593-3948679EF148, Size: 4722938)
25/05/2022 21:17:19:959( 1D44):    ProtelNetlist (FileId: DF8C3149-EEED-4CC8-B34E-7DF22C8FDCC8, Size: 4721575)
25/05/2022 21:17:19:959( 1D44):    ReportHierarchy (FileId: 6FEDA9E3-E0AD-44E9-8FC5-5DD17A2F0AF8, Size: 4718569)
25/05/2022 21:17:19:959( 1D44):    EDIF (FileId: F27C6434-21D2-487D-8FFE-F393FAB3072A, Size: 4714721)
25/05/2022 21:17:19:959( 1D44):    SinglePinNetReporter (FileId: 3FFF3528-CEA9-484E-8127-4B5BC352D959, Size: 4713554)
25/05/2022 21:17:19:959( 1D44):    RINF (FileId: EA703E79-3C8D-4786-BDF3-F2ED4935FF84, Size: 4705141)
25/05/2022 21:17:19:959( 1D44):    Calay (FileId: 97CEA422-0E44-480F-82D6-C4D0D27D5C8F, Size: 4703925)
25/05/2022 21:17:19:959( 1D44):    Cadnetix (FileId: 3BFF93A1-8864-49A3-A523-3C8CEA9F6D9A, Size: 4703883)
25/05/2022 21:17:19:959( 1D44):    BoardStation (FileId: 7B9B4469-D2A2-47CC-AC10-C18F4FF4C2DA, Size: 4703681)
25/05/2022 21:17:19:959( 1D44):    Telesis (FileId: CA1069E8-1905-4383-8C17-F63A07A1DE8C, Size: 4703314)
25/05/2022 21:17:19:959( 1D44):    SciCards (FileId: 3E24EAB2-6129-4E20-BCD1-600DB0038D9F, Size: 4702972)
25/05/2022 21:17:19:959( 1D44):    WireList (FileId: C1FDF0D0-4291-4880-AB7D-A0F0DBE5E528, Size: 4702835)
25/05/2022 21:17:19:959( 1D44):    Script (FileId: E1184471-1EC2-4391-8717-8E0783922E31, Size: 4698217)
25/05/2022 21:17:19:959( 1D44):    Vault - DocumentReleaser (FileId: EF81756B-F264-44E7-9109-AA64648EE261, Size: 4670865)
25/05/2022 21:17:19:959( 1D44):    Base_PCBUtils - ArrangeComponents (FileId: 9B787CF9-61A8-4BE6-917E-0FDD698EC9FA, Size: 4640089)
25/05/2022 21:17:19:959( 1D44):    PCB Libraries (FileId: 11F0C15D-9F52-4462-92A0-91D1B674A300, Size: 4178371)
25/05/2022 21:17:19:959( 1D44):    OutJob - PDFA (FileId: 9404072A-EFE5-4444-983E-55600ABCA29F, Size: 4009136)
25/05/2022 21:17:19:959( 1D44):    Base_VersionControl (FileId: CAF5F661-1956-43B2-9411-D01B5F8D913C, Size: 3844420)
25/05/2022 21:17:19:959( 1D44):    PCB Templates (FileId: 07E0A60D-2C2F-4417-8944-ABEC63FEB907, Size: 3780650)
25/05/2022 21:17:19:959( 1D44):    VC 140 Runtime (FileId: FEC17EA7-073F-463E-ADF7-B65B8D9DD7B6, Size: 3641883)
25/05/2022 21:17:19:959( 1D44):    Base_Core - HelpAdvisor (FileId: 28444273-C489-473C-BE25-AB97C2FFDFD6, Size: 3573793)
25/05/2022 21:17:19:959( 1D44):    Base_Core - FileSystems (FileId: 29733007-6590-4F26-90BE-5F882058E37D, Size: 3502978)
25/05/2022 21:17:19:959( 1D44):    Base Module_Static (FileId: 910A042D-DB3B-485F-B7E8-91AFB893C08E, Size: 2114347)
25/05/2022 21:17:19:959( 1D44):    Base_Core - DxpPdfViewer (FileId: F4F2C2BF-E8A8-4160-AF42-F3FCAEAB6853, Size: 1938935)
25/05/2022 21:17:19:959( 1D44):    Base_PCBUtils - SpaceNavigator (FileId: 2AF8F56F-DF4F-4768-923F-221345187B96, Size: 1938628)
25/05/2022 21:17:19:959( 1D44):    Product Customization (FileId: E24A9F99-A9DD-4BC7-AA39-C89D54C343AD, Size: 1721898)
25/05/2022 21:17:19:959( 1D44):    ConstraintsManager (FileId: 43195F34-CD4F-45D9-B98E-15249038D7B1, Size: 1632397)
25/05/2022 21:17:19:959( 1D44):    Base_PCBUtils - PolyShapeSplitter (FileId: 20337819-6E47-41B8-9366-1B520088FDF9, Size: 1459791)
25/05/2022 21:17:19:959( 1D44):    VC 120 Runtime (FileId: D737E6CD-2D9D-4A9F-930B-4C5ECD9AB793, Size: 1341143)
25/05/2022 21:17:19:959( 1D44):    InteractiveProperties (FileId: 6097DE99-00CB-4269-916C-A18783989036, Size: 1161697)
25/05/2022 21:17:19:959( 1D44):    Base_Core - Other (FileId: 09474E37-0122-43E4-A2A6-E0692E3EE0A1, Size: 1145952)
25/05/2022 21:17:19:959( 1D44):    LayerStackManager (FileId: 2326B9A3-8CB3-41DD-B288-F6FDDB4F3B81, Size: 1129397)
25/05/2022 21:17:19:959( 1D44):    Data.Dimensional (FileId: 1AA990AC-C9A1-4880-BFBF-D6F08F6DDC81, Size: 763135)
25/05/2022 21:17:19:959( 1D44):    AFSSDK (FileId: 434972D4-8A84-465D-BD76-B6945B51DCB8, Size: 695508)
25/05/2022 21:17:19:959( 1D44):    Base_SchUtils - Cairo (FileId: C5745875-EC71-4F12-B98F-18119300B5D1, Size: 673174)
25/05/2022 21:17:19:959( 1D44):    SystemDesign (FileId: 44C8BE17-2DDB-43AF-A772-D52FF215D268, Size: 620625)
25/05/2022 21:17:19:959( 1D44):    PartSearch (FileId: E5CCC8F1-7AFC-498A-AA04-C6134FD6C813, Size: 399247)
25/05/2022 21:17:19:959( 1D44):    ActiveBOM (FileId: 28FAC3E8-0487-4CE8-81C6-8FB24EEEF674, Size: 347189)
25/05/2022 21:17:19:959( 1D44):    LibraryMigrator (FileId: 2D96725D-0E89-4CA6-9A38-87CB76171B87, Size: 335635)
25/05/2022 21:17:19:959( 1D44):    ComponentSearch (FileId: FE5BB595-F6C7-4451-833F-036A333E0F65, Size: 328450)
25/05/2022 21:17:19:959( 1D44):    Search.Common (FileId: 141AC52F-DB76-4698-8C62-85F2FCAA3BE1, Size: 293251)
25/05/2022 21:17:19:959( 1D44):    ProjectDialogs (FileId: 1D8CBFB8-EEA1-4E6D-9D9A-2EDD601332CE, Size: 261243)
25/05/2022 21:17:19:959( 1D44):    Base_CommentsViewer (FileId: 8DC26BD5-ADC2-4DA9-AD17-344292F37680, Size: 252720)
25/05/2022 21:17:19:959( 1D44):    DocumentViews (FileId: D11FB8DD-5143-401F-8982-689A99595CBC, Size: 241544)
25/05/2022 21:17:19:959( 1D44):    PdfSharp (FileId: 200F2F80-B4F2-4D16-8CE7-C13177F30C00, Size: 220251)
25/05/2022 21:17:19:959( 1D44):    BOM (FileId: A6D9CC3C-AE4A-4BEA-A5DA-C1758F1EA098, Size: 219406)
25/05/2022 21:17:19:959( 1D44):    Infrastructure (FileId: 7C938DB6-F2DA-433E-8212-25185D6CF9EB, Size: 190230)
25/05/2022 21:17:19:959( 1D44):    ExtensibleLibraries (FileId: 37D0FE38-9115-4A76-96D5-24EC85C607D4, Size: 168932)
25/05/2022 21:17:19:959( 1D44):    Base_PCB - LayerStackManager (FileId: 0741F5FE-5C6D-4757-9DDC-B57503955055, Size: 167696)
25/05/2022 21:17:19:959( 1D44):    Signal Integrity and Simulation Libraries (FileId: C878EB99-2A58-4CB8-8C03-DA067F47A84A, Size: 88981)
25/05/2022 21:17:19:959( 1D44):    BOM Export (FileId: 7893C903-2CE0-454E-871B-0102327FC23A, Size: 87755)
25/05/2022 21:17:19:959( 1D44):    FPGA Pin Mapper (FileId: 4954A289-F7C7-46FB-9D9F-2CFAAAD6933D, Size: 84872)
25/05/2022 21:17:19:959( 1D44):    PartCatalog.Common (FileId: 63196BED-D0C1-44D7-B710-25DDE85C87E5, Size: 71678)
25/05/2022 21:17:19:959( 1D44):    MaterialLibrary (FileId: ED56B2F8-682A-4379-9054-71C698D761F5, Size: 45921)
25/05/2022 21:17:19:959( 1D44):    edp.ui (FileId: 3D6A31CC-9B08-4914-985E-E1FFD7A16FDE, Size: 31777)
25/05/2022 21:17:19:959( 1D44):    ServerViews (FileId: 9488BE27-5924-460E-A6A2-6D994CEA68CF, Size: 29756)
25/05/2022 21:17:19:959( 1D44):    Base_PCBUtils - Camtastic (FileId: 20DCB663-3977-4DC6-8EFD-42CB17B095C4, Size: 25405)
25/05/2022 21:17:19:959( 1D44):    Base_Core - WebAppHost (FileId: 9E390A0B-4825-4718-B588-DAAB2C240F7B, Size: 19383)
25/05/2022 21:17:19:959( 1D44):    Personalization (FileId: 7B8371FE-C114-4FDB-A213-264994B14A54, Size: 13978)
25/05/2022 21:17:19:959( 1D44):    Engagement (FileId: 87AC7A9D-A472-4A3D-91F9-431C40278B8F, Size: 8030)
25/05/2022 21:17:19:959( 1D44):    Vault - ClientWebSocketWrapper (FileId: D461425F-120C-4946-80D0-FAEE8267CA0E, Size: 5425)
25/05/2022 21:17:19:959( 1D44):    Base_Core - Dimensional_Edms (FileId: E23F8E47-6F0D-40F1-A198-C24F4BAA36E9, Size: 4410)
25/05/2022 21:17:19:959( 1D44):    ReportComponents (FileId: 12CF305F-A804-46F5-925A-33DD74E08976, Size: 469)
25/05/2022 21:17:19:959( 1D44):    ExportSTEP (FileId: 41E106B0-4E0A-43EF-9EA5-8B0F9B8F6B39, Size: 467)
25/05/2022 21:17:19:959( 1D44):    ReportPrint (FileId: 5FD184B4-89CC-4838-8061-66CF83CCF71E, Size: 391)
25/05/2022 21:17:19:959( 1D44):  Analyze extensions
25/05/2022 21:17:19:959( 1D44):  Extensions to remove:
25/05/2022 21:17:19:959( 1D44):    (None)
25/05/2022 21:17:19:959( 1D44):  Extensions to install:
25/05/2022 21:17:19:959( 1D44):    IPC Footprint Generator (Version: latest, ApproxSize: 32470052)
25/05/2022 21:17:19:959( 1D44):    Signal Integrity Analysis (Version: latest, ApproxSize: 27105221)
25/05/2022 21:17:19:959( 1D44):    Vcs_SVN_Unicode (Version: latest, ApproxSize: 22983073)
25/05/2022 21:17:19:959( 1D44):    Draftsman (Version: latest, ApproxSize: 16283462)
25/05/2022 21:17:19:959( 1D44):    CMPTEditor (Version: latest, ApproxSize: 12699232)
25/05/2022 21:17:19:959( 1D44):    VaultExplorer (Version: latest, ApproxSize: 9166972)
25/05/2022 21:17:19:959( 1D44):    ProductImprovementProgram (Version: latest, ApproxSize: 8189355)
25/05/2022 21:17:19:959( 1D44):    EXPORT3D (Version: latest, ApproxSize: 8035553)
25/05/2022 21:17:19:959( 1D44):    ProjectHistory (Version: latest, ApproxSize: 7328298)
25/05/2022 21:17:19:959( 1D44):    SingleComponentEditor (Version: latest, ApproxSize: 6774640)
25/05/2022 21:17:19:959( 1D44):    Vcs_Git_Unicode (Version: latest, ApproxSize: 4432061)
25/05/2022 21:17:19:959( 1D44):    ActiveRoute (Version: latest, ApproxSize: 4290378)
25/05/2022 21:17:19:959( 1D44):    CoDesigner Panel (Version: latest, ApproxSize: 3475778)
25/05/2022 21:17:19:959( 1D44):    IPC2581 (Version: latest, ApproxSize: 2093384)
25/05/2022 21:17:19:959( 1D44):    SchLibGenerationTool (Version: latest, ApproxSize: 730270)
25/05/2022 21:17:19:959( 1D44):    ComponentFromSupplierSearch (Version: latest, ApproxSize: 79683)
25/05/2022 21:17:20:860( 1D44):  SetTargetLocations: [Programs] = C:\Program Files\Altium\AD20
25/05/2022 21:17:20:860( 1D44):  SetTargetLocations: [Documents] = C:\Users\Public\Documents\Altium\AD20
25/05/2022 21:18:29:965( 1D44):  SetTargetLocations: [Programs] = C:\Program Files\Altium\AD20
25/05/2022 21:18:29:965( 1D44):  SetTargetLocations: [Documents] = C:\Users\Public\Documents\Altium\AD20
25/05/2022 21:18:29:968( 1D44):  SelfRemove: False
25/05/2022 21:18:29:968( 1D44):  NeedReboot: False
25/05/2022 21:18:29:968( 1D44):  Exit code: 1
25/05/2022 21:18:29:979( 1D44):  ================= Installer finished =================
